# An error report file with more information is saved as:
# C:\git\KB-fullstack-study\08_Spring\afternoon\spring-afternoon\hs_err_pid14592.log
#
# There is insufficient memory for the Java Runtime Environment to continue.
# Native memory allocation (malloc) failed to allocate 1073616 bytes for Chunk::new
# Possible reasons:
#   The system is out of physical RAM or swap space
#   The process is running with CompressedOops enabled, and the Java Heap may be blocking the growth of the native heap
# Possible solutions:
#   Reduce memory load on the system
#   Increase physical memory or swap space
#   Check if swap backing store is full
#   Decrease Java heap size (-Xmx/-Xms)
#   Decrease number of Java threads
#   Decrease Java thread stack sizes (-Xss)
#   Set larger code cache with -XX:ReservedCodeCacheSize=
#   JVM is running with Unscaled Compressed Oops mode in which the Java heap is
#     placed in the first 4GB address space. The Java Heap base address is the
#     maximum limit for the native heap growth. Please use -XX:HeapBaseMinAddress
#     to set the Java Heap base and to place the Java Heap above 4GB virtual address.
# This output file may be truncated or incomplete.
#
#  Out of Memory Error (arena.cpp:189), pid=14592, tid=23376
#
# JRE version: OpenJDK Runtime Environment (17.0+35) (build 17+35-2724)
# Java VM: OpenJDK 64-Bit Server VM (17+35-2724, mixed mode, sharing, tiered, compressed oops, compressed class ptrs, g1 gc, windows-amd64)
# No core dump will be written. Minidumps are not enabled by default on client versions of Windows
#

---------------  S U M M A R Y ------------

Command Line: --add-opens=java.base/java.util=ALL-UNNAMED --add-opens=java.base/java.lang=ALL-UNNAMED --add-opens=java.base/java.lang.invoke=ALL-UNNAMED --add-opens=java.prefs/java.util.prefs=ALL-UNNAMED --add-opens=java.base/java.nio.charset=ALL-UNNAMED --add-opens=java.base/java.net=ALL-UNNAMED --add-opens=java.base/java.util.concurrent.atomic=ALL-UNNAMED -XX:MaxMetaspaceSize=384m -XX:+HeapDumpOnOutOfMemoryError -Xms256m -Xmx512m -Dfile.encoding=UTF-8 -Duser.country=KR -Duser.language=ko -Duser.variant -javaagent:C:\Users\dltmd\.gradle\wrapper\dists\gradle-8.7-bin\bhs2wmbdwecv87pi65oeuq5iu\gradle-8.7\lib\agents\gradle-instrumentation-agent-8.7.jar org.gradle.launcher.daemon.bootstrap.GradleDaemon 8.7

Host: Intel(R) Core(TM) i5-8250U CPU @ 1.60GHz, 8 cores, 7G,  Windows 10 , 64 bit Build 22621 (10.0.22621.3958)
Time: Thu Aug 22 01:43:47 2024  Windows 10 , 64 bit Build 22621 (10.0.22621.3958) elapsed time: 2505.957360 seconds (0d 0h 41m 45s)

---------------  T H R E A D  ---------------

Current thread (0x000001f5469ceed0):  JavaThread "C2 CompilerThread0" daemon [_thread_in_native, id=23376, stack(0x00000070ff300000,0x00000070ff400000)]


Current CompileTask:
C2:2505957 14206       4       com.sun.tools.javac.parser.JavaTokenizer::scanIdent (639 bytes)

Stack: [0x00000070ff300000,0x00000070ff400000]
Native frames: (J=compiled Java code, j=interpreted, Vv=VM code, C=native code)
V  [jvm.dll+0x66f8ea][thread 3340 also had an error]

V  [jvm.dll+0x7ce224]
V  [jvm.dll+0x7cf9ce]
V  [jvm.dll+0x7d0033]
V  [jvm.dll+0x242bb5]
V  [jvm.dll+0xaa05b]
V  [jvm.dll+0xaa5ec]
V  [jvm.dll+0x35f9f7]
V  [jvm.dll+0x329f61]
V  [jvm.dll+0x32940a]
V  [jvm.dll+0x215ca1]
V  [jvm.dll+0x2150c1]
V  [jvm.dll+0x1a168d]
V  [jvm.dll+0x2248f8]
V  [jvm.dll+0x222a5c]
V  [jvm.dll+0x78422b]
V  [jvm.dll+0x77e7ea]
V  [jvm.dll+0x66e715]
C  [ucrtbase.dll+0x29333]
C  [KERNEL32.DLL+0x1257d]
C  [ntdll.dll+0x5af28]


---------------  P R O C E S S  ---------------

Threads class SMR info:
_java_thread_list=0x000001f54e826620, length=61, elements={
0x000001f52c1650c0, 0x000001f5469a39e0, 0x000001f5469a6770, 0x000001f5469c2750,
0x000001f5469c3110, 0x000001f5469c59e0, 0x000001f5469c80d0, 0x000001f5469ceed0,
0x000001f5469d8cd0, 0x000001f5469db600, 0x000001f5474b1b80, 0x000001f5475e81d0,
0x000001f54792d8b0, 0x000001f548e5eb50, 0x000001f5483f6f60, 0x000001f548ee4f80,
0x000001f548ee5450, 0x000001f548ee5df0, 0x000001f548ee62c0, 0x000001f548ee7fa0,
0x000001f548ee8470, 0x000001f548ee7130, 0x000001f548ee7ad0, 0x000001f548ee8940,
0x000001f548ee6c60, 0x000001f548ee7600, 0x000001f548ee6790, 0x000001f549d6faa0,
0x000001f549d6b740, 0x000001f549d6a400, 0x000001f549ea73d0, 0x000001f549eae280,
0x000001f549ead410, 0x000001f549ea9f20, 0x000001f549eae750, 0x000001f549ea78a0,
0x000001f549ea7d70, 0x000001f549ea8240, 0x000001f549ead8e0, 0x000001f549eac5a0,
0x000001f549ea9580, 0x000001f549ea9a50, 0x000001f549eaca70, 0x000001f549eacf40,
0x000001f549eaad90, 0x000001f549eab260, 0x000001f549eab730, 0x000001f549eac0d0,
0x000001f54d043f40, 0x000001f54d044410, 0x000001f54d041d90, 0x000001f54d0430d0,
0x000001f54d0448e0, 0x000001f54d045750, 0x000001f54d03ed70, 0x000001f54d03f240,
0x000001f54d040a50, 0x000001f54d040f20, 0x000001f54d042730, 0x000001f54afbcca0,
0x000001f54b5d2410
}

Java Threads: ( => current thread )
  0x000001f52c1650c0 JavaThread "main" [_thread_blocked, id=29096, stack(0x00000070fe600000,0x00000070fe700000)]
  0x000001f5469a39e0 JavaThread "Reference Handler" daemon [_thread_blocked, id=22728, stack(0x00000070fed00000,0x00000070fee00000)]
  0x000001f5469a6770 JavaThread "Finalizer" daemon [_thread_blocked, id=24696, stack(0x00000070fee00000,0x00000070fef00000)]
  0x000001f5469c2750 JavaThread "Signal Dispatcher" daemon [_thread_blocked, id=29340, stack(0x00000070fef00000,0x00000070ff000000)]
  0x000001f5469c3110 JavaThread "Attach Listener" daemon [_thread_blocked, id=2420, stack(0x00000070ff000000,0x00000070ff100000)]
  0x000001f5469c59e0 JavaThread "Service Thread" daemon [_thread_blocked, id=23256, stack(0x00000070ff100000,0x00000070ff200000)]
  0x000001f5469c80d0 JavaThread "Monitor Deflation Thread" daemon [_thread_blocked, id=5672, stack(0x00000070ff200000,0x00000070ff300000)]
=>0x000001f5469ceed0 JavaThread "C2 CompilerThread0" daemon [_thread_in_native, id=23376, stack(0x00000070ff300000,0x00000070ff400000)]
  0x000001f5469d8cd0 JavaThread "C1 CompilerThread0" daemon [_thread_blocked, id=8232, stack(0x00000070ff400000,0x00000070ff500000)]
  0x000001f5469db600 JavaThread "Sweeper thread" daemon [_thread_blocked, id=20816, stack(0x00000070ff500000,0x00000070ff600000)]
  0x000001f5474b1b80 JavaThread "Common-Cleaner" daemon [_thread_blocked, id=23008, stack(0x00000070ff600000,0x00000070ff700000)]
  0x000001f5475e81d0 JavaThread "Notification Thread" daemon [_thread_blocked, id=21848, stack(0x00000070ff700000,0x00000070ff800000)]
  0x000001f54792d8b0 JavaThread "Daemon health stats" [_thread_blocked, id=20488, stack(0x00000070ffe00000,0x00000070fff00000)]
  0x000001f548e5eb50 JavaThread "Incoming local TCP Connector on port 14273" [_thread_in_native, id=6968, stack(0x00000070fff00000,0x0000007100000000)]
  0x000001f5483f6f60 JavaThread "Daemon periodic checks" [_thread_blocked, id=25320, stack(0x0000007080000000,0x0000007080100000)]
  0x000001f548ee4f80 JavaThread "Cache worker for journal cache (C:\Users\dltmd\.gradle\caches\journal-1)" [_thread_blocked, id=17828, stack(0x0000007080800000,0x0000007080900000)]
  0x000001f548ee5450 JavaThread "File lock request listener" [_thread_in_native, id=32252, stack(0x0000007080900000,0x0000007080a00000)]
  0x000001f548ee5df0 JavaThread "Cache worker for file hash cache (C:\Users\dltmd\.gradle\caches\8.7\fileHashes)" [_thread_blocked, id=30680, stack(0x0000007080a00000,0x0000007080b00000)]
  0x000001f548ee62c0 JavaThread "File watcher server" daemon [_thread_in_native, id=18664, stack(0x0000007080d00000,0x0000007080e00000)]
  0x000001f548ee7fa0 JavaThread "File watcher consumer" daemon [_thread_blocked, id=32524, stack(0x0000007080e00000,0x0000007080f00000)]
  0x000001f548ee8470 JavaThread "jar transforms" [_thread_blocked, id=25496, stack(0x0000007081200000,0x0000007081300000)]
  0x000001f548ee7130 JavaThread "jar transforms Thread 2" [_thread_blocked, id=19080, stack(0x0000007081300000,0x0000007081400000)]
  0x000001f548ee7ad0 JavaThread "jar transforms Thread 3" [_thread_blocked, id=15700, stack(0x0000007081400000,0x0000007081500000)]
  0x000001f548ee8940 JavaThread "jar transforms Thread 4" [_thread_blocked, id=8088, stack(0x0000007081500000,0x0000007081600000)]
  0x000001f548ee6c60 JavaThread "jar transforms Thread 5" [_thread_blocked, id=20128, stack(0x0000007081600000,0x0000007081700000)]
  0x000001f548ee7600 JavaThread "jar transforms Thread 6" [_thread_blocked, id=26824, stack(0x0000007081700000,0x0000007081800000)]
  0x000001f548ee6790 JavaThread "jar transforms Thread 7" [_thread_blocked, id=18540, stack(0x0000007081800000,0x0000007081900000)]
  0x000001f549d6faa0 JavaThread "jar transforms Thread 8" [_thread_blocked, id=8184, stack(0x0000007081900000,0x0000007081a00000)]
  0x000001f549d6b740 JavaThread "Cache worker for file content cache (C:\Users\dltmd\.gradle\caches\8.7\fileContent)" [_thread_blocked, id=11192, stack(0x0000007080b00000,0x0000007080c00000)]
  0x000001f549d6a400 JavaThread "Memory manager" [_thread_blocked, id=7100, stack(0x0000007082700000,0x0000007082800000)]
  0x000001f549ea73d0 JavaThread "Daemon Thread 2" [_thread_blocked, id=27280, stack(0x0000007080100000,0x0000007080200000)]
  0x000001f549eae280 JavaThread "Daemon Thread 3" [_thread_blocked, id=3184, stack(0x0000007080200000,0x0000007080300000)]
  0x000001f549ead410 JavaThread "Handler for socket connection from /127.0.0.1:14273 to /127.0.0.1:1706" [_thread_in_native, id=12444, stack(0x0000007080300000,0x0000007080400000)]
  0x000001f549ea9f20 JavaThread "Cancel handler" [_thread_blocked, id=13228, stack(0x0000007080500000,0x0000007080600000)]
  0x000001f549eae750 JavaThread "Daemon worker Thread 2" [_thread_blocked, id=32028, stack(0x0000007080600000,0x0000007080700000)]
  0x000001f549ea78a0 JavaThread "Asynchronous log dispatcher for DefaultDaemonConnection: socket connection from /127.0.0.1:14273 to /127.0.0.1:1706" [_thread_blocked, id=1764, stack(0x0000007080700000,0x0000007080800000)]
  0x000001f549ea7d70 JavaThread "Stdin handler" [_thread_blocked, id=536, stack(0x0000007080400000,0x0000007080500000)]
  0x000001f549ea8240 JavaThread "Daemon client event forwarder" [_thread_blocked, id=16428, stack(0x0000007080c00000,0x0000007080d00000)]
  0x000001f549ead8e0 JavaThread "Cache worker for file hash cache (C:\git\KB-fullstack-study\08_Spring\afternoon\spring-afternoon\.gradle\8.7\fileHashes)" [_thread_blocked, id=1884, stack(0x0000007081a00000,0x0000007081b00000)]
  0x000001f549eac5a0 JavaThread "Cache worker for checksums cache (C:\git\KB-fullstack-study\08_Spring\afternoon\spring-afternoon\.gradle\8.7\checksums)" [_thread_blocked, id=14376, stack(0x0000007081b00000,0x0000007081c00000)]
  0x000001f549ea9580 JavaThread "Cache worker for cache directory md-supplier (C:\Users\dltmd\.gradle\caches\8.7\md-supplier)" [_thread_blocked, id=32048, stack(0x0000007081c00000,0x0000007081d00000)]
  0x000001f549ea9a50 JavaThread "Cache worker for cache directory md-rule (C:\Users\dltmd\.gradle\caches\8.7\md-rule)" [_thread_blocked, id=20256, stack(0x0000007081e00000,0x0000007081f00000)]
  0x000001f549eaca70 JavaThread "Cache worker for Build Output Cleanup Cache (C:\git\KB-fullstack-study\08_Spring\afternoon\spring-afternoon\.gradle\buildOutputCleanup)" [_thread_blocked, id=29760, stack(0x0000007082000000,0x0000007082100000)]
  0x000001f549eacf40 JavaThread "included builds" [_thread_in_native, id=15284, stack(0x0000007082100000,0x0000007082200000)]
  0x000001f549eaad90 JavaThread "Execution worker" [_thread_blocked, id=9580, stack(0x0000007082200000,0x0000007082300000)]
  0x000001f549eab260 JavaThread "Execution worker Thread 2" [_thread_blocked, id=20408, stack(0x0000007082300000,0x0000007082400000)]
  0x000001f549eab730 JavaThread "Execution worker Thread 3" [_thread_blocked, id=28968, stack(0x0000007082400000,0x0000007082500000)]
  0x000001f549eac0d0 JavaThread "Execution worker Thread 4" [_thread_blocked, id=31092, stack(0x0000007082500000,0x0000007082600000)]
  0x000001f54d043f40 JavaThread "Execution worker Thread 5" [_thread_blocked, id=3992, stack(0x0000007082600000,0x0000007082700000)]
  0x000001f54d044410 JavaThread "Execution worker Thread 6" [_thread_blocked, id=23620, stack(0x0000007082800000,0x0000007082900000)]
  0x000001f54d041d90 JavaThread "Execution worker Thread 7" [_thread_blocked, id=29968, stack(0x0000007082900000,0x0000007082a00000)]
  0x000001f54d0430d0 JavaThread "Cache worker for execution history cache (C:\git\KB-fullstack-study\08_Spring\afternoon\spring-afternoon\.gradle\8.7\executionHistory)" [_thread_blocked, id=7320, stack(0x0000007082a00000,0x0000007082b00000)]
  0x000001f54d0448e0 JavaThread "Unconstrained build operations" [_thread_blocked, id=10104, stack(0x0000007082b00000,0x0000007082c00000)]
  0x000001f54d045750 JavaThread "Unconstrained build operations Thread 2" [_thread_blocked, id=30596, stack(0x0000007082c00000,0x0000007082d00000)]
  0x000001f54d03ed70 JavaThread "Unconstrained build operations Thread 3" [_thread_blocked, id=27260, stack(0x0000007082d00000,0x0000007082e00000)]
  0x000001f54d03f240 JavaThread "Unconstrained build operations Thread 4" [_thread_blocked, id=14664, stack(0x0000007082e00000,0x0000007082f00000)]
  0x000001f54d040a50 JavaThread "Unconstrained build operations Thread 5" [_thread_blocked, id=7420, stack(0x0000007082f00000,0x0000007083000000)]
  0x000001f54d040f20 JavaThread "Unconstrained build operations Thread 6" [_thread_blocked, id=20556, stack(0x0000007083000000,0x0000007083100000)]
  0x000001f54d042730 JavaThread "Unconstrained build operations Thread 7" [_thread_blocked, id=11988, stack(0x0000007083100000,0x0000007083200000)]
  0x000001f54afbcca0 JavaThread "Cache worker for Java compile cache (C:\Users\dltmd\.gradle\caches\8.7\javaCompile)" [_thread_blocked, id=26832, stack(0x0000007083200000,0x0000007083300000)]
  0x000001f54b5d2410 JavaThread "C2 CompilerThread1" daemon [_thread_in_native, id=3340, stack(0x0000007081f00000,0x0000007082000000)]

Other Threads:
  0x000001f54699eb20 VMThread "VM Thread" [stack: 0x00000070fec00000,0x00000070fed00000] [id=14888]
  0x000001f52c1a6d40 WatcherThread [stack: 0x00000070ff800000,0x00000070ff900000] [id=5052]
  0x000001f52c18cdd0 GCTaskThread "GC Thread#0" [stack: 0x00000070fe700000,0x00000070fe800000] [id=14060]
  0x000001f5480752a0 GCTaskThread "GC Thread#1" [stack: 0x00000070ff900000,0x00000070ffa00000] [id=24716]
  0x000001f547fb2d60 GCTaskThread "GC Thread#2" [stack: 0x00000070ffa00000,0x00000070ffb00000] [id=23640]
  0x000001f5480131b0 GCTaskThread "GC Thread#3" [stack: 0x00000070ffb00000,0x00000070ffc00000] [id=12540]
  0x000001f548013460 GCTaskThread "GC Thread#4" [stack: 0x00000070ffc00000,0x00000070ffd00000] [id=15044]
  0x000001f547ea6250 GCTaskThread "GC Thread#5" [stack: 0x00000070ffd00000,0x00000070ffe00000] [id=32260]
  0x000001f54b54d540 GCTaskThread "GC Thread#6" [stack: 0x0000007080f00000,0x0000007081000000] [id=29260]
  0x000001f5497e2430 GCTaskThread "GC Thread#7" [stack: 0x0000007081000000,0x0000007081100000] [id=2808]
  0x000001f52c191c20 ConcurrentGCThread "G1 Main Marker" [stack: 0x00000070fe800000,0x00000070fe900000] [id=30084]
  0x000001f52c192ce0 ConcurrentGCThread "G1 Conc#0" [stack: 0x00000070fe900000,0x00000070fea00000] [id=13316]
  0x000001f5498a93f0 ConcurrentGCThread "G1 Conc#1" [stack: 0x0000007081100000,0x0000007081200000] [id=13124]
  0x000001f52c22e500 ConcurrentGCThread "G1 Refine#0" [stack: 0x00000070fea00000,0x00000070feb00000] [id=20704]
  0x000001f54a13c830 ConcurrentGCThread "G1 Refine#1" [stack: 0x0000007081d00000,0x0000007081e00000] [id=27380]
  0x000001f5468620d0 ConcurrentGCThread "G1 Service" [stack: 0x00000070feb00000,0x00000070fec00000] [id=22948]

Threads with active compile tasks:
C2 CompilerThread0  2506057 14206       4       com.sun.tools.javac.parser.JavaTokenizer::scanIdent (639 bytes)
C2 CompilerThread1  2506057 14213   !   4       com.sun.tools.javac.parser.JavaTokenizer::readToken (1731 bytes)

VM state: not at safepoint (normal execution)

VM Mutex/Monitor currently owned by a thread: None

Heap address: 0x00000000e0000000, size: 512 MB, Compressed Oops mode: 32-bit

CDS archive(s) mapped at: [0x0000000800000000-0x0000000800bc0000-0x0000000800bc0000), size 12320768, SharedBaseAddress: 0x0000000800000000, ArchiveRelocationMode: 0.
Compressed class space mapped at: 0x0000000800c00000-0x0000000814000000, reserved size: 322961408
Narrow klass base: 0x0000000800000000, Narrow klass shift: 0, Narrow klass range: 0x100000000

GC Precious Log:
 CPUs: 8 total, 8 available
 Memory: 8107M
 Large Page Support: Disabled
 NUMA Support: Disabled
 Compressed Oops: Enabled (32-bit)
 Heap Region Size: 1M
 Heap Min Capacity: 256M
 Heap Initial Capacity: 256M
 Heap Max Capacity: 512M
 Pre-touch: Disabled
 Parallel Workers: 8
 Concurrent Workers: 2
 Concurrent Refinement Workers: 8
 Periodic GC: Disabled

Heap:
 garbage-first heap   total 262144K, used 194216K [0x00000000e0000000, 0x0000000100000000)
  region size 1024K, 83 young (84992K), 7 survivors (7168K)
 Metaspace       used 86485K, committed 87360K, reserved 397312K
  class space    used 11758K, committed 12160K, reserved 315392K

Heap Regions: E=young(eden), S=young(survivor), O=old, HS=humongous(starts), HC=humongous(continues), CS=collection set, F=free, OA=open archive, CA=closed archive, TAMS=top-at-mark-start (previous, next)
|   0|0x00000000e0000000, 0x00000000e0100000, 0x00000000e0100000|100%|HS|  |TAMS 0x00000000e0100000, 0x00000000e0000000| Complete 
|   1|0x00000000e0100000, 0x00000000e0200000, 0x00000000e0200000|100%|HC|  |TAMS 0x00000000e0200000, 0x00000000e0100000| Complete 
|   2|0x00000000e0200000, 0x00000000e0300000, 0x00000000e0300000|100%|HC|  |TAMS 0x00000000e0300000, 0x00000000e0200000| Complete 
|   3|0x00000000e0300000, 0x00000000e0400000, 0x00000000e0400000|100%|HC|  |TAMS 0x00000000e0400000, 0x00000000e0300000| Complete 
|   4|0x00000000e0400000, 0x00000000e0500000, 0x00000000e0500000|100%| O|  |TAMS 0x00000000e0500000, 0x00000000e0400000| Untracked 
|   5|0x00000000e0500000, 0x00000000e0600000, 0x00000000e0600000|100%| O|  |TAMS 0x00000000e0600000, 0x00000000e0500000| Untracked 
|   6|0x00000000e0600000, 0x00000000e0700000, 0x00000000e0700000|100%| O|  |TAMS 0x00000000e0700000, 0x00000000e0600000| Untracked 
|   7|0x00000000e0700000, 0x00000000e0800000, 0x00000000e0800000|100%| O|  |TAMS 0x00000000e0800000, 0x00000000e0700000| Untracked 
|   8|0x00000000e0800000, 0x00000000e0900000, 0x00000000e0900000|100%| O|  |TAMS 0x00000000e0900000, 0x00000000e0800000| Untracked 
|   9|0x00000000e0900000, 0x00000000e0a00000, 0x00000000e0a00000|100%| O|  |TAMS 0x00000000e0a00000, 0x00000000e0900000| Untracked 
|  10|0x00000000e0a00000, 0x00000000e0b00000, 0x00000000e0b00000|100%| O|  |TAMS 0x00000000e0b00000, 0x00000000e0a00000| Untracked 
|  11|0x00000000e0b00000, 0x00000000e0c00000, 0x00000000e0c00000|100%|HS|  |TAMS 0x00000000e0c00000, 0x00000000e0b00000| Complete 
|  12|0x00000000e0c00000, 0x00000000e0d00000, 0x00000000e0d00000|100%|HC|  |TAMS 0x00000000e0d00000, 0x00000000e0c00000| Complete 
|  13|0x00000000e0d00000, 0x00000000e0e00000, 0x00000000e0e00000|100%|HC|  |TAMS 0x00000000e0e00000, 0x00000000e0d00000| Complete 
|  14|0x00000000e0e00000, 0x00000000e0f00000, 0x00000000e0f00000|100%|HC|  |TAMS 0x00000000e0f00000, 0x00000000e0e00000| Complete 
|  15|0x00000000e0f00000, 0x00000000e1000000, 0x00000000e1000000|100%|HC|  |TAMS 0x00000000e1000000, 0x00000000e0f00000| Complete 
|  16|0x00000000e1000000, 0x00000000e1100000, 0x00000000e1100000|100%|HS|  |TAMS 0x00000000e1100000, 0x00000000e1000000| Complete 
|  17|0x00000000e1100000, 0x00000000e1200000, 0x00000000e1200000|100%|HC|  |TAMS 0x00000000e1200000, 0x00000000e1100000| Complete 
|  18|0x00000000e1200000, 0x00000000e1300000, 0x00000000e1300000|100%|HC|  |TAMS 0x00000000e1300000, 0x00000000e1200000| Complete 
|  19|0x00000000e1300000, 0x00000000e1400000, 0x00000000e1400000|100%|HS|  |TAMS 0x00000000e1400000, 0x00000000e1300000| Complete 
|  20|0x00000000e1400000, 0x00000000e1500000, 0x00000000e1500000|100%|HC|  |TAMS 0x00000000e1500000, 0x00000000e1400000| Complete 
|  21|0x00000000e1500000, 0x00000000e1600000, 0x00000000e1600000|100%|HC|  |TAMS 0x00000000e1600000, 0x00000000e1500000| Complete 
|  22|0x00000000e1600000, 0x00000000e1700000, 0x00000000e1700000|100%|HS|  |TAMS 0x00000000e1700000, 0x00000000e1600000| Complete 
|  23|0x00000000e1700000, 0x00000000e1800000, 0x00000000e1800000|100%|HC|  |TAMS 0x00000000e1800000, 0x00000000e1700000| Complete 
|  24|0x00000000e1800000, 0x00000000e1900000, 0x00000000e1900000|100%|HC|  |TAMS 0x00000000e1900000, 0x00000000e1800000| Complete 
|  25|0x00000000e1900000, 0x00000000e1a00000, 0x00000000e1a00000|100%|HC|  |TAMS 0x00000000e1a00000, 0x00000000e1900000| Complete 
|  26|0x00000000e1a00000, 0x00000000e1b00000, 0x00000000e1b00000|100%|HC|  |TAMS 0x00000000e1b00000, 0x00000000e1a00000| Complete 
|  27|0x00000000e1b00000, 0x00000000e1c00000, 0x00000000e1c00000|100%| O|  |TAMS 0x00000000e1c00000, 0x00000000e1b00000| Untracked 
|  28|0x00000000e1c00000, 0x00000000e1d00000, 0x00000000e1d00000|100%| O|  |TAMS 0x00000000e1d00000, 0x00000000e1c00000| Untracked 
|  29|0x00000000e1d00000, 0x00000000e1e00000, 0x00000000e1e00000|100%| O|  |TAMS 0x00000000e1e00000, 0x00000000e1d00000| Untracked 
|  30|0x00000000e1e00000, 0x00000000e1f00000, 0x00000000e1f00000|100%| O|  |TAMS 0x00000000e1f00000, 0x00000000e1e00000| Untracked 
|  31|0x00000000e1f00000, 0x00000000e2000000, 0x00000000e2000000|100%| O|  |TAMS 0x00000000e2000000, 0x00000000e1f00000| Untracked 
|  32|0x00000000e2000000, 0x00000000e2100000, 0x00000000e2100000|100%| O|  |TAMS 0x00000000e2100000, 0x00000000e2000000| Untracked 
|  33|0x00000000e2100000, 0x00000000e2200000, 0x00000000e2200000|100%| O|  |TAMS 0x00000000e2200000, 0x00000000e2100000| Untracked 
|  34|0x00000000e2200000, 0x00000000e2300000, 0x00000000e2300000|100%| O|  |TAMS 0x00000000e2300000, 0x00000000e2200000| Untracked 
|  35|0x00000000e2300000, 0x00000000e2400000, 0x00000000e2400000|100%| O|  |TAMS 0x00000000e2400000, 0x00000000e2300000| Untracked 
|  36|0x00000000e2400000, 0x00000000e2500000, 0x00000000e2500000|100%| O|  |TAMS 0x00000000e2500000, 0x00000000e2400000| Untracked 
|  37|0x00000000e2500000, 0x00000000e2600000, 0x00000000e2600000|100%| O|  |TAMS 0x00000000e2600000, 0x00000000e2500000| Untracked 
|  38|0x00000000e2600000, 0x00000000e2700000, 0x00000000e2700000|100%|HS|  |TAMS 0x00000000e2700000, 0x00000000e2600000| Complete 
|  39|0x00000000e2700000, 0x00000000e2800000, 0x00000000e2800000|100%|HC|  |TAMS 0x00000000e2800000, 0x00000000e2700000| Complete 
|  40|0x00000000e2800000, 0x00000000e2900000, 0x00000000e2900000|100%|HC|  |TAMS 0x00000000e2900000, 0x00000000e2800000| Complete 
|  41|0x00000000e2900000, 0x00000000e2a00000, 0x00000000e2a00000|100%|HS|  |TAMS 0x00000000e2a00000, 0x00000000e2900000| Complete 
|  42|0x00000000e2a00000, 0x00000000e2b00000, 0x00000000e2b00000|100%|HC|  |TAMS 0x00000000e2b00000, 0x00000000e2a00000| Complete 
|  43|0x00000000e2b00000, 0x00000000e2c00000, 0x00000000e2c00000|100%|HC|  |TAMS 0x00000000e2c00000, 0x00000000e2b00000| Complete 
|  44|0x00000000e2c00000, 0x00000000e2d00000, 0x00000000e2d00000|100%|HC|  |TAMS 0x00000000e2d00000, 0x00000000e2c00000| Complete 
|  45|0x00000000e2d00000, 0x00000000e2e00000, 0x00000000e2e00000|100%|HC|  |TAMS 0x00000000e2e00000, 0x00000000e2d00000| Complete 
|  46|0x00000000e2e00000, 0x00000000e2f00000, 0x00000000e2f00000|100%| O|  |TAMS 0x00000000e2f00000, 0x00000000e2e00000| Untracked 
|  47|0x00000000e2f00000, 0x00000000e3000000, 0x00000000e3000000|100%| O|  |TAMS 0x00000000e3000000, 0x00000000e2f00000| Untracked 
|  48|0x00000000e3000000, 0x00000000e3100000, 0x00000000e3100000|100%| O|  |TAMS 0x00000000e3100000, 0x00000000e3000000| Untracked 
|  49|0x00000000e3100000, 0x00000000e3200000, 0x00000000e3200000|100%| O|  |TAMS 0x00000000e3200000, 0x00000000e3100000| Untracked 
|  50|0x00000000e3200000, 0x00000000e3300000, 0x00000000e3300000|100%| O|  |TAMS 0x00000000e3300000, 0x00000000e3200000| Untracked 
|  51|0x00000000e3300000, 0x00000000e3400000, 0x00000000e3400000|100%| O|  |TAMS 0x00000000e3400000, 0x00000000e3300000| Untracked 
|  52|0x00000000e3400000, 0x00000000e3500000, 0x00000000e3500000|100%| O|  |TAMS 0x00000000e3500000, 0x00000000e3400000| Untracked 
|  53|0x00000000e3500000, 0x00000000e3600000, 0x00000000e3600000|100%| O|  |TAMS 0x00000000e3600000, 0x00000000e3500000| Untracked 
|  54|0x00000000e3600000, 0x00000000e3700000, 0x00000000e3700000|100%| O|  |TAMS 0x00000000e3700000, 0x00000000e3600000| Untracked 
|  55|0x00000000e3700000, 0x00000000e3800000, 0x00000000e3800000|100%| O|  |TAMS 0x00000000e3800000, 0x00000000e3700000| Untracked 
|  56|0x00000000e3800000, 0x00000000e3900000, 0x00000000e3900000|100%| O|  |TAMS 0x00000000e3900000, 0x00000000e3800000| Untracked 
|  57|0x00000000e3900000, 0x00000000e3a00000, 0x00000000e3a00000|100%| O|  |TAMS 0x00000000e3a00000, 0x00000000e3900000| Untracked 
|  58|0x00000000e3a00000, 0x00000000e3b00000, 0x00000000e3b00000|100%| O|  |TAMS 0x00000000e3b00000, 0x00000000e3a00000| Untracked 
|  59|0x00000000e3b00000, 0x00000000e3c00000, 0x00000000e3c00000|100%| O|  |TAMS 0x00000000e3c00000, 0x00000000e3b00000| Untracked 
|  60|0x00000000e3c00000, 0x00000000e3d00000, 0x00000000e3d00000|100%| O|  |TAMS 0x00000000e3d00000, 0x00000000e3c00000| Untracked 
|  61|0x00000000e3d00000, 0x00000000e3e00000, 0x00000000e3e00000|100%| O|  |TAMS 0x00000000e3e00000, 0x00000000e3d00000| Untracked 
|  62|0x00000000e3e00000, 0x00000000e3f00000, 0x00000000e3f00000|100%| O|  |TAMS 0x00000000e3f00000, 0x00000000e3e00000| Untracked 
|  63|0x00000000e3f00000, 0x00000000e4000000, 0x00000000e4000000|100%| O|  |TAMS 0x00000000e4000000, 0x00000000e3f00000| Untracked 
|  64|0x00000000e4000000, 0x00000000e4100000, 0x00000000e4100000|100%| O|  |TAMS 0x00000000e4100000, 0x00000000e4000000| Untracked 
|  65|0x00000000e4100000, 0x00000000e4200000, 0x00000000e4200000|100%| O|  |TAMS 0x00000000e4200000, 0x00000000e4100000| Untracked 
|  66|0x00000000e4200000, 0x00000000e4300000, 0x00000000e4300000|100%| O|  |TAMS 0x00000000e4285200, 0x00000000e4200000| Untracked 
|  67|0x00000000e4300000, 0x00000000e4400000, 0x00000000e4400000|100%|HS|  |TAMS 0x00000000e4400000, 0x00000000e4300000| Complete 
|  68|0x00000000e4400000, 0x00000000e4500000, 0x00000000e4500000|100%|HC|  |TAMS 0x00000000e4500000, 0x00000000e4400000| Complete 
|  69|0x00000000e4500000, 0x00000000e4600000, 0x00000000e4600000|100%|HC|  |TAMS 0x00000000e4600000, 0x00000000e4500000| Complete 
|  70|0x00000000e4600000, 0x00000000e4700000, 0x00000000e4700000|100%|HC|  |TAMS 0x00000000e4700000, 0x00000000e4600000| Complete 
|  71|0x00000000e4700000, 0x00000000e4800000, 0x00000000e4800000|100%|HC|  |TAMS 0x00000000e4800000, 0x00000000e4700000| Complete 
|  72|0x00000000e4800000, 0x00000000e4900000, 0x00000000e4900000|100%|HS|  |TAMS 0x00000000e4900000, 0x00000000e4800000| Complete 
|  73|0x00000000e4900000, 0x00000000e4a00000, 0x00000000e4a00000|100%|HC|  |TAMS 0x00000000e4a00000, 0x00000000e4900000| Complete 
|  74|0x00000000e4a00000, 0x00000000e4b00000, 0x00000000e4b00000|100%|HC|  |TAMS 0x00000000e4b00000, 0x00000000e4a00000| Complete 
|  75|0x00000000e4b00000, 0x00000000e4c00000, 0x00000000e4c00000|100%|HS|  |TAMS 0x00000000e4c00000, 0x00000000e4b00000| Complete 
|  76|0x00000000e4c00000, 0x00000000e4d00000, 0x00000000e4d00000|100%|HC|  |TAMS 0x00000000e4d00000, 0x00000000e4c00000| Complete 
|  77|0x00000000e4d00000, 0x00000000e4e00000, 0x00000000e4e00000|100%|HC|  |TAMS 0x00000000e4e00000, 0x00000000e4d00000| Complete 
|  78|0x00000000e4e00000, 0x00000000e4f00000, 0x00000000e4f00000|100%| O|  |TAMS 0x00000000e4e00000, 0x00000000e4e00000| Untracked 
|  79|0x00000000e4f00000, 0x00000000e5000000, 0x00000000e5000000|100%| O|  |TAMS 0x00000000e4f00000, 0x00000000e4f00000| Untracked 
|  80|0x00000000e5000000, 0x00000000e5100000, 0x00000000e5100000|100%| O|  |TAMS 0x00000000e5000000, 0x00000000e5000000| Untracked 
|  81|0x00000000e5100000, 0x00000000e5200000, 0x00000000e5200000|100%| O|  |TAMS 0x00000000e5100000, 0x00000000e5100000| Untracked 
|  82|0x00000000e5200000, 0x00000000e5300000, 0x00000000e5300000|100%|HS|  |TAMS 0x00000000e5200000, 0x00000000e5200000| Complete 
|  83|0x00000000e5300000, 0x00000000e5400000, 0x00000000e5400000|100%|HC|  |TAMS 0x00000000e5300000, 0x00000000e5300000| Complete 
|  84|0x00000000e5400000, 0x00000000e5500000, 0x00000000e5500000|100%|HC|  |TAMS 0x00000000e5400000, 0x00000000e5400000| Complete 
|  85|0x00000000e5500000, 0x00000000e5600000, 0x00000000e5600000|100%| O|  |TAMS 0x00000000e5500000, 0x00000000e5500000| Untracked 
|  86|0x00000000e5600000, 0x00000000e5700000, 0x00000000e5700000|100%| O|  |TAMS 0x00000000e5600000, 0x00000000e5600000| Untracked 
|  87|0x00000000e5700000, 0x00000000e5800000, 0x00000000e5800000|100%| O|  |TAMS 0x00000000e5700000, 0x00000000e5700000| Untracked 
|  88|0x00000000e5800000, 0x00000000e5900000, 0x00000000e5900000|100%| O|  |TAMS 0x00000000e5800000, 0x00000000e5800000| Untracked 
|  89|0x00000000e5900000, 0x00000000e5a00000, 0x00000000e5a00000|100%| O|  |TAMS 0x00000000e5900000, 0x00000000e5900000| Untracked 
|  90|0x00000000e5a00000, 0x00000000e5b00000, 0x00000000e5b00000|100%| O|  |TAMS 0x00000000e5a00000, 0x00000000e5a00000| Untracked 
|  91|0x00000000e5b00000, 0x00000000e5c00000, 0x00000000e5c00000|100%| O|  |TAMS 0x00000000e5b00000, 0x00000000e5b00000| Untracked 
|  92|0x00000000e5c00000, 0x00000000e5d00000, 0x00000000e5d00000|100%| O|  |TAMS 0x00000000e5c00000, 0x00000000e5c00000| Untracked 
|  93|0x00000000e5d00000, 0x00000000e5e00000, 0x00000000e5e00000|100%| O|  |TAMS 0x00000000e5d00000, 0x00000000e5d00000| Untracked 
|  94|0x00000000e5e00000, 0x00000000e5f00000, 0x00000000e5f00000|100%| O|  |TAMS 0x00000000e5e00000, 0x00000000e5e00000| Untracked 
|  95|0x00000000e5f00000, 0x00000000e6000000, 0x00000000e6000000|100%| O|  |TAMS 0x00000000e5f00000, 0x00000000e5f00000| Untracked 
|  96|0x00000000e6000000, 0x00000000e6100000, 0x00000000e6100000|100%| O|  |TAMS 0x00000000e6000000, 0x00000000e6000000| Untracked 
|  97|0x00000000e6100000, 0x00000000e6200000, 0x00000000e6200000|100%| O|  |TAMS 0x00000000e6100000, 0x00000000e6100000| Untracked 
|  98|0x00000000e6200000, 0x00000000e6300000, 0x00000000e6300000|100%| O|  |TAMS 0x00000000e6200000, 0x00000000e6200000| Untracked 
|  99|0x00000000e6300000, 0x00000000e6400000, 0x00000000e6400000|100%| O|  |TAMS 0x00000000e6300000, 0x00000000e6300000| Untracked 
| 100|0x00000000e6400000, 0x00000000e6500000, 0x00000000e6500000|100%| O|  |TAMS 0x00000000e6400000, 0x00000000e6400000| Untracked 
| 101|0x00000000e6500000, 0x00000000e6600000, 0x00000000e6600000|100%| O|  |TAMS 0x00000000e6500000, 0x00000000e6500000| Untracked 
| 102|0x00000000e6600000, 0x00000000e6700000, 0x00000000e6700000|100%| O|  |TAMS 0x00000000e6600000, 0x00000000e6600000| Untracked 
| 103|0x00000000e6700000, 0x00000000e6800000, 0x00000000e6800000|100%| O|  |TAMS 0x00000000e6700000, 0x00000000e6700000| Untracked 
| 104|0x00000000e6800000, 0x00000000e6900000, 0x00000000e6900000|100%| O|  |TAMS 0x00000000e6800000, 0x00000000e6800000| Untracked 
| 105|0x00000000e6900000, 0x00000000e6a00000, 0x00000000e6a00000|100%| O|  |TAMS 0x00000000e6900000, 0x00000000e6900000| Untracked 
| 106|0x00000000e6a00000, 0x00000000e6b00000, 0x00000000e6b00000|100%| O|  |TAMS 0x00000000e6a00000, 0x00000000e6a00000| Untracked 
| 107|0x00000000e6b00000, 0x00000000e6bc8a00, 0x00000000e6c00000| 78%| O|  |TAMS 0x00000000e6b00000, 0x00000000e6b00000| Untracked 
| 108|0x00000000e6c00000, 0x00000000e6d00000, 0x00000000e6d00000|100%|HS|  |TAMS 0x00000000e6c00000, 0x00000000e6c00000| Complete 
| 109|0x00000000e6d00000, 0x00000000e6d00000, 0x00000000e6e00000|  0%| F|  |TAMS 0x00000000e6d00000, 0x00000000e6d00000| Untracked 
| 110|0x00000000e6e00000, 0x00000000e6e00000, 0x00000000e6f00000|  0%| F|  |TAMS 0x00000000e6e00000, 0x00000000e6e00000| Untracked 
| 111|0x00000000e6f00000, 0x00000000e6f00000, 0x00000000e7000000|  0%| F|  |TAMS 0x00000000e6f00000, 0x00000000e6f00000| Untracked 
| 112|0x00000000e7000000, 0x00000000e7000000, 0x00000000e7100000|  0%| F|  |TAMS 0x00000000e7000000, 0x00000000e7000000| Untracked 
| 113|0x00000000e7100000, 0x00000000e7100000, 0x00000000e7200000|  0%| F|  |TAMS 0x00000000e7100000, 0x00000000e7100000| Untracked 
| 114|0x00000000e7200000, 0x00000000e7200000, 0x00000000e7300000|  0%| F|  |TAMS 0x00000000e7200000, 0x00000000e7200000| Untracked 
| 115|0x00000000e7300000, 0x00000000e7300000, 0x00000000e7400000|  0%| F|  |TAMS 0x00000000e7300000, 0x00000000e7300000| Untracked 
| 116|0x00000000e7400000, 0x00000000e7400000, 0x00000000e7500000|  0%| F|  |TAMS 0x00000000e7400000, 0x00000000e7400000| Untracked 
| 117|0x00000000e7500000, 0x00000000e7500000, 0x00000000e7600000|  0%| F|  |TAMS 0x00000000e7500000, 0x00000000e7500000| Untracked 
| 118|0x00000000e7600000, 0x00000000e7600000, 0x00000000e7700000|  0%| F|  |TAMS 0x00000000e7600000, 0x00000000e7600000| Untracked 
| 119|0x00000000e7700000, 0x00000000e7700000, 0x00000000e7800000|  0%| F|  |TAMS 0x00000000e7700000, 0x00000000e7700000| Untracked 
| 120|0x00000000e7800000, 0x00000000e7800000, 0x00000000e7900000|  0%| F|  |TAMS 0x00000000e7800000, 0x00000000e7800000| Untracked 
| 121|0x00000000e7900000, 0x00000000e7900000, 0x00000000e7a00000|  0%| F|  |TAMS 0x00000000e7900000, 0x00000000e7900000| Untracked 
| 122|0x00000000e7a00000, 0x00000000e7a00000, 0x00000000e7b00000|  0%| F|  |TAMS 0x00000000e7a00000, 0x00000000e7a00000| Untracked 
| 123|0x00000000e7b00000, 0x00000000e7b00000, 0x00000000e7c00000|  0%| F|  |TAMS 0x00000000e7b00000, 0x00000000e7b00000| Untracked 
| 124|0x00000000e7c00000, 0x00000000e7c00000, 0x00000000e7d00000|  0%| F|  |TAMS 0x00000000e7c00000, 0x00000000e7c00000| Untracked 
| 125|0x00000000e7d00000, 0x00000000e7d00000, 0x00000000e7e00000|  0%| F|  |TAMS 0x00000000e7d00000, 0x00000000e7d00000| Untracked 
| 126|0x00000000e7e00000, 0x00000000e7e00000, 0x00000000e7f00000|  0%| F|  |TAMS 0x00000000e7e00000, 0x00000000e7e00000| Untracked 
| 127|0x00000000e7f00000, 0x00000000e7f00000, 0x00000000e8000000|  0%| F|  |TAMS 0x00000000e7f00000, 0x00000000e7f00000| Untracked 
| 128|0x00000000e8000000, 0x00000000e8000000, 0x00000000e8100000|  0%| F|  |TAMS 0x00000000e8000000, 0x00000000e8000000| Untracked 
| 129|0x00000000e8100000, 0x00000000e8100000, 0x00000000e8200000|  0%| F|  |TAMS 0x00000000e8100000, 0x00000000e8100000| Untracked 
| 130|0x00000000e8200000, 0x00000000e8200000, 0x00000000e8300000|  0%| F|  |TAMS 0x00000000e8200000, 0x00000000e8200000| Untracked 
| 131|0x00000000e8300000, 0x00000000e8300000, 0x00000000e8400000|  0%| F|  |TAMS 0x00000000e8300000, 0x00000000e8300000| Untracked 
| 132|0x00000000e8400000, 0x00000000e8400000, 0x00000000e8500000|  0%| F|  |TAMS 0x00000000e8400000, 0x00000000e8400000| Untracked 
| 133|0x00000000e8500000, 0x00000000e8500000, 0x00000000e8600000|  0%| F|  |TAMS 0x00000000e8500000, 0x00000000e8500000| Untracked 
| 134|0x00000000e8600000, 0x00000000e8600000, 0x00000000e8700000|  0%| F|  |TAMS 0x00000000e8600000, 0x00000000e8600000| Untracked 
| 135|0x00000000e8700000, 0x00000000e8700000, 0x00000000e8800000|  0%| F|  |TAMS 0x00000000e8700000, 0x00000000e8700000| Untracked 
| 136|0x00000000e8800000, 0x00000000e8800000, 0x00000000e8900000|  0%| F|  |TAMS 0x00000000e8800000, 0x00000000e8800000| Untracked 
| 137|0x00000000e8900000, 0x00000000e8900000, 0x00000000e8a00000|  0%| F|  |TAMS 0x00000000e8900000, 0x00000000e8900000| Untracked 
| 138|0x00000000e8a00000, 0x00000000e8a00000, 0x00000000e8b00000|  0%| F|  |TAMS 0x00000000e8a00000, 0x00000000e8a00000| Untracked 
| 139|0x00000000e8b00000, 0x00000000e8b00000, 0x00000000e8c00000|  0%| F|  |TAMS 0x00000000e8b00000, 0x00000000e8b00000| Untracked 
| 140|0x00000000e8c00000, 0x00000000e8ce1660, 0x00000000e8d00000| 88%| S|CS|TAMS 0x00000000e8c00000, 0x00000000e8c00000| Complete 
| 141|0x00000000e8d00000, 0x00000000e8e00000, 0x00000000e8e00000|100%| S|CS|TAMS 0x00000000e8d00000, 0x00000000e8d00000| Complete 
| 142|0x00000000e8e00000, 0x00000000e8f00000, 0x00000000e8f00000|100%| S|CS|TAMS 0x00000000e8e00000, 0x00000000e8e00000| Complete 
| 143|0x00000000e8f00000, 0x00000000e8f00000, 0x00000000e9000000|  0%| F|  |TAMS 0x00000000e8f00000, 0x00000000e8f00000| Untracked 
| 144|0x00000000e9000000, 0x00000000e9000000, 0x00000000e9100000|  0%| F|  |TAMS 0x00000000e9000000, 0x00000000e9000000| Untracked 
| 145|0x00000000e9100000, 0x00000000e9100000, 0x00000000e9200000|  0%| F|  |TAMS 0x00000000e9100000, 0x00000000e9100000| Untracked 
| 146|0x00000000e9200000, 0x00000000e9300000, 0x00000000e9300000|100%| S|CS|TAMS 0x00000000e9200000, 0x00000000e9200000| Complete 
| 147|0x00000000e9300000, 0x00000000e9400000, 0x00000000e9400000|100%| S|CS|TAMS 0x00000000e9300000, 0x00000000e9300000| Complete 
| 148|0x00000000e9400000, 0x00000000e9500000, 0x00000000e9500000|100%| S|CS|TAMS 0x00000000e9400000, 0x00000000e9400000| Complete 
| 149|0x00000000e9500000, 0x00000000e9600000, 0x00000000e9600000|100%| S|CS|TAMS 0x00000000e9500000, 0x00000000e9500000| Complete 
| 150|0x00000000e9600000, 0x00000000e9600000, 0x00000000e9700000|  0%| F|  |TAMS 0x00000000e9600000, 0x00000000e9600000| Untracked 
| 151|0x00000000e9700000, 0x00000000e9700000, 0x00000000e9800000|  0%| F|  |TAMS 0x00000000e9700000, 0x00000000e9700000| Untracked 
| 152|0x00000000e9800000, 0x00000000e9800000, 0x00000000e9900000|  0%| F|  |TAMS 0x00000000e9800000, 0x00000000e9800000| Untracked 
| 153|0x00000000e9900000, 0x00000000e9900000, 0x00000000e9a00000|  0%| F|  |TAMS 0x00000000e9900000, 0x00000000e9900000| Untracked 
| 154|0x00000000e9a00000, 0x00000000e9a00000, 0x00000000e9b00000|  0%| F|  |TAMS 0x00000000e9a00000, 0x00000000e9a00000| Untracked 
| 155|0x00000000e9b00000, 0x00000000e9b00000, 0x00000000e9c00000|  0%| F|  |TAMS 0x00000000e9b00000, 0x00000000e9b00000| Untracked 
| 156|0x00000000e9c00000, 0x00000000e9c00000, 0x00000000e9d00000|  0%| F|  |TAMS 0x00000000e9c00000, 0x00000000e9c00000| Untracked 
| 157|0x00000000e9d00000, 0x00000000e9d00000, 0x00000000e9e00000|  0%| F|  |TAMS 0x00000000e9d00000, 0x00000000e9d00000| Untracked 
| 158|0x00000000e9e00000, 0x00000000e9e00000, 0x00000000e9f00000|  0%| F|  |TAMS 0x00000000e9e00000, 0x00000000e9e00000| Untracked 
| 159|0x00000000e9f00000, 0x00000000e9f00000, 0x00000000ea000000|  0%| F|  |TAMS 0x00000000e9f00000, 0x00000000e9f00000| Untracked 
| 160|0x00000000ea000000, 0x00000000ea000000, 0x00000000ea100000|  0%| F|  |TAMS 0x00000000ea000000, 0x00000000ea000000| Untracked 
| 161|0x00000000ea100000, 0x00000000ea100000, 0x00000000ea200000|  0%| F|  |TAMS 0x00000000ea100000, 0x00000000ea100000| Untracked 
| 162|0x00000000ea200000, 0x00000000ea200000, 0x00000000ea300000|  0%| F|  |TAMS 0x00000000ea200000, 0x00000000ea200000| Untracked 
| 163|0x00000000ea300000, 0x00000000ea300000, 0x00000000ea400000|  0%| F|  |TAMS 0x00000000ea300000, 0x00000000ea300000| Untracked 
| 164|0x00000000ea400000, 0x00000000ea400000, 0x00000000ea500000|  0%| F|  |TAMS 0x00000000ea400000, 0x00000000ea400000| Untracked 
| 165|0x00000000ea500000, 0x00000000ea500000, 0x00000000ea600000|  0%| F|  |TAMS 0x00000000ea500000, 0x00000000ea500000| Untracked 
| 166|0x00000000ea600000, 0x00000000ea600000, 0x00000000ea700000|  0%| F|  |TAMS 0x00000000ea600000, 0x00000000ea600000| Untracked 
| 167|0x00000000ea700000, 0x00000000ea700000, 0x00000000ea800000|  0%| F|  |TAMS 0x00000000ea700000, 0x00000000ea700000| Untracked 
| 168|0x00000000ea800000, 0x00000000ea800000, 0x00000000ea900000|  0%| F|  |TAMS 0x00000000ea800000, 0x00000000ea800000| Untracked 
| 169|0x00000000ea900000, 0x00000000ea900000, 0x00000000eaa00000|  0%| F|  |TAMS 0x00000000ea900000, 0x00000000ea900000| Untracked 
| 170|0x00000000eaa00000, 0x00000000eaa00000, 0x00000000eab00000|  0%| F|  |TAMS 0x00000000eaa00000, 0x00000000eaa00000| Untracked 
| 171|0x00000000eab00000, 0x00000000eab00000, 0x00000000eac00000|  0%| F|  |TAMS 0x00000000eab00000, 0x00000000eab00000| Untracked 
| 172|0x00000000eac00000, 0x00000000eac00000, 0x00000000ead00000|  0%| F|  |TAMS 0x00000000eac00000, 0x00000000eac00000| Untracked 
| 173|0x00000000ead00000, 0x00000000ead00000, 0x00000000eae00000|  0%| F|  |TAMS 0x00000000ead00000, 0x00000000ead00000| Untracked 
| 174|0x00000000eae00000, 0x00000000eae00000, 0x00000000eaf00000|  0%| F|  |TAMS 0x00000000eae00000, 0x00000000eae00000| Untracked 
| 175|0x00000000eaf00000, 0x00000000eaf00000, 0x00000000eb000000|  0%| F|  |TAMS 0x00000000eaf00000, 0x00000000eaf00000| Untracked 
| 176|0x00000000eb000000, 0x00000000eb000000, 0x00000000eb100000|  0%| F|  |TAMS 0x00000000eb000000, 0x00000000eb000000| Untracked 
| 177|0x00000000eb100000, 0x00000000eb100000, 0x00000000eb200000|  0%| F|  |TAMS 0x00000000eb100000, 0x00000000eb100000| Untracked 
| 178|0x00000000eb200000, 0x00000000eb200000, 0x00000000eb300000|  0%| F|  |TAMS 0x00000000eb200000, 0x00000000eb200000| Untracked 
| 179|0x00000000eb300000, 0x00000000eb380800, 0x00000000eb400000| 50%| E|  |TAMS 0x00000000eb300000, 0x00000000eb300000| Complete 
| 180|0x00000000eb400000, 0x00000000eb500000, 0x00000000eb500000|100%| E|CS|TAMS 0x00000000eb400000, 0x00000000eb400000| Complete 
| 181|0x00000000eb500000, 0x00000000eb600000, 0x00000000eb600000|100%| E|CS|TAMS 0x00000000eb500000, 0x00000000eb500000| Complete 
| 182|0x00000000eb600000, 0x00000000eb700000, 0x00000000eb700000|100%| E|CS|TAMS 0x00000000eb600000, 0x00000000eb600000| Complete 
| 183|0x00000000eb700000, 0x00000000eb800000, 0x00000000eb800000|100%| E|CS|TAMS 0x00000000eb700000, 0x00000000eb700000| Complete 
| 184|0x00000000eb800000, 0x00000000eb900000, 0x00000000eb900000|100%| E|CS|TAMS 0x00000000eb800000, 0x00000000eb800000| Complete 
| 185|0x00000000eb900000, 0x00000000eba00000, 0x00000000eba00000|100%| E|CS|TAMS 0x00000000eb900000, 0x00000000eb900000| Complete 
| 186|0x00000000eba00000, 0x00000000ebb00000, 0x00000000ebb00000|100%| E|CS|TAMS 0x00000000eba00000, 0x00000000eba00000| Complete 
| 187|0x00000000ebb00000, 0x00000000ebc00000, 0x00000000ebc00000|100%| E|CS|TAMS 0x00000000ebb00000, 0x00000000ebb00000| Complete 
| 188|0x00000000ebc00000, 0x00000000ebd00000, 0x00000000ebd00000|100%| E|CS|TAMS 0x00000000ebc00000, 0x00000000ebc00000| Complete 
| 189|0x00000000ebd00000, 0x00000000ebe00000, 0x00000000ebe00000|100%| E|CS|TAMS 0x00000000ebd00000, 0x00000000ebd00000| Complete 
| 190|0x00000000ebe00000, 0x00000000ebf00000, 0x00000000ebf00000|100%| E|CS|TAMS 0x00000000ebe00000, 0x00000000ebe00000| Complete 
| 191|0x00000000ebf00000, 0x00000000ec000000, 0x00000000ec000000|100%| E|CS|TAMS 0x00000000ebf00000, 0x00000000ebf00000| Complete 
| 192|0x00000000ec000000, 0x00000000ec100000, 0x00000000ec100000|100%| E|CS|TAMS 0x00000000ec000000, 0x00000000ec000000| Complete 
| 193|0x00000000ec100000, 0x00000000ec200000, 0x00000000ec200000|100%| E|CS|TAMS 0x00000000ec100000, 0x00000000ec100000| Complete 
| 194|0x00000000ec200000, 0x00000000ec300000, 0x00000000ec300000|100%| E|CS|TAMS 0x00000000ec200000, 0x00000000ec200000| Complete 
| 195|0x00000000ec300000, 0x00000000ec400000, 0x00000000ec400000|100%| E|CS|TAMS 0x00000000ec300000, 0x00000000ec300000| Complete 
| 196|0x00000000ec400000, 0x00000000ec500000, 0x00000000ec500000|100%| E|CS|TAMS 0x00000000ec400000, 0x00000000ec400000| Complete 
| 197|0x00000000ec500000, 0x00000000ec600000, 0x00000000ec600000|100%| E|CS|TAMS 0x00000000ec500000, 0x00000000ec500000| Complete 
| 198|0x00000000ec600000, 0x00000000ec700000, 0x00000000ec700000|100%| E|CS|TAMS 0x00000000ec600000, 0x00000000ec600000| Complete 
| 199|0x00000000ec700000, 0x00000000ec800000, 0x00000000ec800000|100%| E|CS|TAMS 0x00000000ec700000, 0x00000000ec700000| Complete 
| 200|0x00000000ec800000, 0x00000000ec900000, 0x00000000ec900000|100%| E|CS|TAMS 0x00000000ec800000, 0x00000000ec800000| Complete 
| 201|0x00000000ec900000, 0x00000000eca00000, 0x00000000eca00000|100%| E|CS|TAMS 0x00000000ec900000, 0x00000000ec900000| Complete 
| 202|0x00000000eca00000, 0x00000000ecb00000, 0x00000000ecb00000|100%| E|  |TAMS 0x00000000eca00000, 0x00000000eca00000| Complete 
| 203|0x00000000ecb00000, 0x00000000ecc00000, 0x00000000ecc00000|100%| E|CS|TAMS 0x00000000ecb00000, 0x00000000ecb00000| Complete 
| 204|0x00000000ecc00000, 0x00000000ecd00000, 0x00000000ecd00000|100%| E|CS|TAMS 0x00000000ecc00000, 0x00000000ecc00000| Complete 
| 205|0x00000000ecd00000, 0x00000000ece00000, 0x00000000ece00000|100%| E|CS|TAMS 0x00000000ecd00000, 0x00000000ecd00000| Complete 
| 206|0x00000000ece00000, 0x00000000ecf00000, 0x00000000ecf00000|100%| E|CS|TAMS 0x00000000ece00000, 0x00000000ece00000| Complete 
| 207|0x00000000ecf00000, 0x00000000ed000000, 0x00000000ed000000|100%| E|CS|TAMS 0x00000000ecf00000, 0x00000000ecf00000| Complete 
| 208|0x00000000ed000000, 0x00000000ed100000, 0x00000000ed100000|100%| E|CS|TAMS 0x00000000ed000000, 0x00000000ed000000| Complete 
| 209|0x00000000ed100000, 0x00000000ed200000, 0x00000000ed200000|100%| E|CS|TAMS 0x00000000ed100000, 0x00000000ed100000| Complete 
| 210|0x00000000ed200000, 0x00000000ed300000, 0x00000000ed300000|100%| E|CS|TAMS 0x00000000ed200000, 0x00000000ed200000| Complete 
| 211|0x00000000ed300000, 0x00000000ed400000, 0x00000000ed400000|100%| E|CS|TAMS 0x00000000ed300000, 0x00000000ed300000| Complete 
| 212|0x00000000ed400000, 0x00000000ed500000, 0x00000000ed500000|100%| E|CS|TAMS 0x00000000ed400000, 0x00000000ed400000| Complete 
| 213|0x00000000ed500000, 0x00000000ed600000, 0x00000000ed600000|100%| E|CS|TAMS 0x00000000ed500000, 0x00000000ed500000| Complete 
| 214|0x00000000ed600000, 0x00000000ed700000, 0x00000000ed700000|100%| E|CS|TAMS 0x00000000ed600000, 0x00000000ed600000| Complete 
| 215|0x00000000ed700000, 0x00000000ed800000, 0x00000000ed800000|100%| E|CS|TAMS 0x00000000ed700000, 0x00000000ed700000| Complete 
| 216|0x00000000ed800000, 0x00000000ed900000, 0x00000000ed900000|100%| E|CS|TAMS 0x00000000ed800000, 0x00000000ed800000| Complete 
| 217|0x00000000ed900000, 0x00000000eda00000, 0x00000000eda00000|100%| E|CS|TAMS 0x00000000ed900000, 0x00000000ed900000| Complete 
| 218|0x00000000eda00000, 0x00000000edb00000, 0x00000000edb00000|100%| E|CS|TAMS 0x00000000eda00000, 0x00000000eda00000| Complete 
| 219|0x00000000edb00000, 0x00000000edc00000, 0x00000000edc00000|100%| E|CS|TAMS 0x00000000edb00000, 0x00000000edb00000| Complete 
| 220|0x00000000edc00000, 0x00000000edd00000, 0x00000000edd00000|100%| E|CS|TAMS 0x00000000edc00000, 0x00000000edc00000| Complete 
| 221|0x00000000edd00000, 0x00000000ede00000, 0x00000000ede00000|100%| E|CS|TAMS 0x00000000edd00000, 0x00000000edd00000| Complete 
| 222|0x00000000ede00000, 0x00000000edf00000, 0x00000000edf00000|100%| E|CS|TAMS 0x00000000ede00000, 0x00000000ede00000| Complete 
| 223|0x00000000edf00000, 0x00000000ee000000, 0x00000000ee000000|100%| E|CS|TAMS 0x00000000edf00000, 0x00000000edf00000| Complete 
| 224|0x00000000ee000000, 0x00000000ee100000, 0x00000000ee100000|100%| E|CS|TAMS 0x00000000ee000000, 0x00000000ee000000| Complete 
| 225|0x00000000ee100000, 0x00000000ee200000, 0x00000000ee200000|100%| E|CS|TAMS 0x00000000ee100000, 0x00000000ee100000| Complete 
| 226|0x00000000ee200000, 0x00000000ee300000, 0x00000000ee300000|100%| E|CS|TAMS 0x00000000ee200000, 0x00000000ee200000| Complete 
| 227|0x00000000ee300000, 0x00000000ee400000, 0x00000000ee400000|100%| E|CS|TAMS 0x00000000ee300000, 0x00000000ee300000| Complete 
| 228|0x00000000ee400000, 0x00000000ee500000, 0x00000000ee500000|100%| E|CS|TAMS 0x00000000ee400000, 0x00000000ee400000| Complete 
| 229|0x00000000ee500000, 0x00000000ee600000, 0x00000000ee600000|100%| E|CS|TAMS 0x00000000ee500000, 0x00000000ee500000| Complete 
| 230|0x00000000ee600000, 0x00000000ee700000, 0x00000000ee700000|100%| E|CS|TAMS 0x00000000ee600000, 0x00000000ee600000| Complete 
| 231|0x00000000ee700000, 0x00000000ee800000, 0x00000000ee800000|100%| E|CS|TAMS 0x00000000ee700000, 0x00000000ee700000| Complete 
| 232|0x00000000ee800000, 0x00000000ee900000, 0x00000000ee900000|100%| E|CS|TAMS 0x00000000ee800000, 0x00000000ee800000| Complete 
| 233|0x00000000ee900000, 0x00000000eea00000, 0x00000000eea00000|100%| E|CS|TAMS 0x00000000ee900000, 0x00000000ee900000| Complete 
| 234|0x00000000eea00000, 0x00000000eeb00000, 0x00000000eeb00000|100%| E|CS|TAMS 0x00000000eea00000, 0x00000000eea00000| Complete 
| 235|0x00000000eeb00000, 0x00000000eec00000, 0x00000000eec00000|100%| E|CS|TAMS 0x00000000eeb00000, 0x00000000eeb00000| Complete 
| 236|0x00000000eec00000, 0x00000000eed00000, 0x00000000eed00000|100%| E|CS|TAMS 0x00000000eec00000, 0x00000000eec00000| Complete 
| 237|0x00000000eed00000, 0x00000000eee00000, 0x00000000eee00000|100%| E|CS|TAMS 0x00000000eed00000, 0x00000000eed00000| Complete 
| 238|0x00000000eee00000, 0x00000000eef00000, 0x00000000eef00000|100%| E|CS|TAMS 0x00000000eee00000, 0x00000000eee00000| Complete 
| 239|0x00000000eef00000, 0x00000000ef000000, 0x00000000ef000000|100%| E|CS|TAMS 0x00000000eef00000, 0x00000000eef00000| Complete 
| 240|0x00000000ef000000, 0x00000000ef100000, 0x00000000ef100000|100%| E|CS|TAMS 0x00000000ef000000, 0x00000000ef000000| Complete 
| 241|0x00000000ef100000, 0x00000000ef200000, 0x00000000ef200000|100%| E|CS|TAMS 0x00000000ef100000, 0x00000000ef100000| Complete 
| 242|0x00000000ef200000, 0x00000000ef300000, 0x00000000ef300000|100%| E|CS|TAMS 0x00000000ef200000, 0x00000000ef200000| Complete 
| 243|0x00000000ef300000, 0x00000000ef400000, 0x00000000ef400000|100%| E|CS|TAMS 0x00000000ef300000, 0x00000000ef300000| Complete 
| 244|0x00000000ef400000, 0x00000000ef500000, 0x00000000ef500000|100%| E|CS|TAMS 0x00000000ef400000, 0x00000000ef400000| Complete 
| 245|0x00000000ef500000, 0x00000000ef600000, 0x00000000ef600000|100%| E|CS|TAMS 0x00000000ef500000, 0x00000000ef500000| Complete 
| 246|0x00000000ef600000, 0x00000000ef700000, 0x00000000ef700000|100%| E|CS|TAMS 0x00000000ef600000, 0x00000000ef600000| Complete 
| 247|0x00000000ef700000, 0x00000000ef800000, 0x00000000ef800000|100%| E|CS|TAMS 0x00000000ef700000, 0x00000000ef700000| Complete 
| 248|0x00000000ef800000, 0x00000000ef900000, 0x00000000ef900000|100%| E|CS|TAMS 0x00000000ef800000, 0x00000000ef800000| Complete 
| 249|0x00000000ef900000, 0x00000000efa00000, 0x00000000efa00000|100%| E|CS|TAMS 0x00000000ef900000, 0x00000000ef900000| Complete 
| 250|0x00000000efa00000, 0x00000000efb00000, 0x00000000efb00000|100%| E|CS|TAMS 0x00000000efa00000, 0x00000000efa00000| Complete 
| 251|0x00000000efb00000, 0x00000000efc00000, 0x00000000efc00000|100%| E|CS|TAMS 0x00000000efb00000, 0x00000000efb00000| Complete 
| 252|0x00000000efc00000, 0x00000000efd00000, 0x00000000efd00000|100%| E|CS|TAMS 0x00000000efc00000, 0x00000000efc00000| Complete 
| 253|0x00000000efd00000, 0x00000000efe00000, 0x00000000efe00000|100%| E|CS|TAMS 0x00000000efd00000, 0x00000000efd00000| Complete 
| 254|0x00000000efe00000, 0x00000000eff00000, 0x00000000eff00000|100%| E|CS|TAMS 0x00000000efe00000, 0x00000000efe00000| Complete 
| 255|0x00000000eff00000, 0x00000000f0000000, 0x00000000f0000000|100%| E|CS|TAMS 0x00000000eff00000, 0x00000000eff00000| Complete 

Card table byte_map: [0x000001f542d80000,0x000001f542e80000] _byte_map_base: 0x000001f542680000

Marking Bits (Prev, Next): (CMBitMap*) 0x000001f52c18d330, (CMBitMap*) 0x000001f52c18d2f0
 Prev Bits: [0x000001f543780000, 0x000001f543f80000)
 Next Bits: [0x000001f542f80000, 0x000001f543780000)

Polling page: 0x000001f52b930000

Metaspace:

Usage:
  Non-class:     72.98 MB used.
      Class:     11.48 MB used.
       Both:     84.46 MB used.

Virtual space:
  Non-class space:       80.00 MB reserved,      73.50 MB ( 92%) committed,  10 nodes.
      Class space:      308.00 MB reserved,      11.88 MB (  4%) committed,  1 nodes.
             Both:      388.00 MB reserved,      85.38 MB ( 22%) committed. 

Chunk freelists:
   Non-Class:  2.36 MB
       Class:  163.00 KB
        Both:  2.52 MB

MaxMetaspaceSize: 384.00 MB
CompressedClassSpaceSize: 308.00 MB
Initial GC threshold: 21.00 MB
Current GC threshold: 98.25 MB
CDS: on
MetaspaceReclaimPolicy: balanced
 - commit_granule_bytes: 65536.
 - commit_granule_words: 8192.
 - virtual_space_node_default_size: 1048576.
 - enlarge_chunks_in_place: 1.
 - new_chunks_are_fully_committed: 0.
 - uncommit_free_chunks: 1.
 - use_allocation_guard: 0.
 - handle_deallocations: 1.


Internal statistics:

num_allocs_failed_limit: 9.
num_arena_births: 1072.
num_arena_deaths: 0.
num_vsnodes_births: 11.
num_vsnodes_deaths: 0.
num_space_committed: 1366.
num_space_uncommitted: 0.
num_chunks_returned_to_freelist: 9.
num_chunks_taken_from_freelist: 4671.
num_chunk_merges: 9.
num_chunk_splits: 2910.
num_chunks_enlarged: 1769.
num_purges: 0.
num_inconsistent_stats: 0.

CodeHeap 'non-profiled nmethods': size=120000Kb used=9477Kb max_used=9477Kb free=110522Kb
 bounds [0x000001f53b420000, 0x000001f53bd70000, 0x000001f542950000]
CodeHeap 'profiled nmethods': size=120000Kb used=24212Kb max_used=24212Kb free=95787Kb
 bounds [0x000001f533ef0000, 0x000001f5356a0000, 0x000001f53b420000]
CodeHeap 'non-nmethods': size=5760Kb used=2418Kb max_used=2532Kb free=3341Kb
 bounds [0x000001f533950000, 0x000001f533be0000, 0x000001f533ef0000]
 total_blobs=12898 nmethods=11948 adapters=861
 compilation: enabled
              stopped_count=0, restarted_count=0
 full_count=0

Compilation events (20 events):
Event: 2505.940 Thread 0x000001f5469d8cd0 nmethod 14298 0x000001f53567be10 code [0x000001f53567bfc0, 0x000001f53567c3b8]
Event: 2505.940 Thread 0x000001f5469d8cd0 14299       3       com.sun.tools.javac.code.Symtab::lambda$doEnterPackage$7 (8 bytes)
Event: 2505.940 Thread 0x000001f5469d8cd0 nmethod 14299 0x000001f53567c510 code [0x000001f53567c6c0, 0x000001f53567c938]
Event: 2505.940 Thread 0x000001f5469d8cd0 14301       3       com.sun.tools.javac.code.Symbol$PackageSymbol::<init> (26 bytes)
Event: 2505.940 Thread 0x000001f5469d8cd0 nmethod 14301 0x000001f53567ca90 code [0x000001f53567cc40, 0x000001f53567ce78]
Event: 2505.941 Thread 0x000001f5469d8cd0 14300       3       com.sun.tools.javac.util.Convert::shortName (45 bytes)
Event: 2505.942 Thread 0x000001f5469d8cd0 nmethod 14300 0x000001f53567cf90 code [0x000001f53567d1c0, 0x000001f53567da78]
Event: 2505.942 Thread 0x000001f5469d8cd0 14303       3       com.sun.tools.javac.jvm.PoolReader::getModule (15 bytes)
Event: 2505.942 Thread 0x000001f5469d8cd0 nmethod 14303 0x000001f53567de10 code [0x000001f53567dfc0, 0x000001f53567e228]
Event: 2505.942 Thread 0x000001f5469d8cd0 14302       3       com.sun.tools.javac.code.Symtab::doEnterPackage (42 bytes)
Event: 2505.943 Thread 0x000001f5469d8cd0 nmethod 14302 0x000001f53567e310 code [0x000001f53567e520, 0x000001f53567edd8]
Event: 2505.943 Thread 0x000001f5469d8cd0 14304       3       com.sun.tools.javac.util.Names::fromUtf (9 bytes)
Event: 2505.944 Thread 0x000001f5469d8cd0 nmethod 14304 0x000001f53567f090 code [0x000001f53567f240, 0x000001f53567f488]
Event: 2505.944 Thread 0x000001f5469d8cd0 14305       3       com.sun.tools.javac.util.Name$Table::fromUtf (9 bytes)
Event: 2505.944 Thread 0x000001f5469d8cd0 nmethod 14305 0x000001f53567f610 code [0x000001f53567f7c0, 0x000001f53567f908]
Event: 2505.944 Thread 0x000001f5469d8cd0 14307       2       com.sun.tools.javac.util.List::contains (45 bytes)
Event: 2505.945 Thread 0x000001f5469d8cd0 nmethod 14307 0x000001f53567fa10 code [0x000001f53567fbc0, 0x000001f53567fe08]
Event: 2505.947 Thread 0x000001f5469d8cd0 14308       2       com.sun.tools.javac.code.Symbol::complete (30 bytes)
Event: 2505.947 Thread 0x000001f5469d8cd0 nmethod 14308 0x000001f53567ff10 code [0x000001f5356800c0, 0x000001f535680288]
Event: 2505.949 Thread 0x000001f5469d8cd0 14309   !   2       com.sun.tools.javac.comp.Modules::addVisiblePackages (263 bytes)

GC Heap History (20 events):
Event: 789.698 GC heap before
{Heap before GC invocations=11 (full 0):
 garbage-first heap   total 262144K, used 210274K [0x00000000e0000000, 0x0000000100000000)
  region size 1024K, 122 young (124928K), 14 survivors (14336K)
 Metaspace       used 76944K, committed 77696K, reserved 389120K
  class space    used 10634K, committed 10944K, reserved 315392K
}
Event: 789.889 GC heap after
{Heap after GC invocations=12 (full 0):
 garbage-first heap   total 262144K, used 108300K [0x00000000e0000000, 0x0000000100000000)
  region size 1024K, 14 young (14336K), 14 survivors (14336K)
 Metaspace       used 76944K, committed 77696K, reserved 389120K
  class space    used 10634K, committed 10944K, reserved 315392K
}
Event: 2493.977 GC heap before
{Heap before GC invocations=12 (full 0):
 garbage-first heap   total 262144K, used 210700K [0x00000000e0000000, 0x0000000100000000)
  region size 1024K, 114 young (116736K), 14 survivors (14336K)
 Metaspace       used 77263K, committed 77952K, reserved 389120K
  class space    used 10644K, committed 10944K, reserved 315392K
}
Event: 2494.075 GC heap after
{Heap after GC invocations=13 (full 0):
 garbage-first heap   total 262144K, used 111237K [0x00000000e0000000, 0x0000000100000000)
  region size 1024K, 12 young (12288K), 12 survivors (12288K)
 Metaspace       used 77263K, committed 77952K, reserved 389120K
  class space    used 10644K, committed 10944K, reserved 315392K
}
Event: 2499.059 GC heap before
{Heap before GC invocations=13 (full 0):
 garbage-first heap   total 262144K, used 211589K [0x00000000e0000000, 0x0000000100000000)
  region size 1024K, 111 young (113664K), 12 survivors (12288K)
 Metaspace       used 78841K, committed 79616K, reserved 389120K
  class space    used 10823K, committed 11136K, reserved 315392K
}
Event: 2499.111 GC heap after
{Heap after GC invocations=14 (full 0):
 garbage-first heap   total 262144K, used 117173K [0x00000000e0000000, 0x0000000100000000)
  region size 1024K, 11 young (11264K), 11 survivors (11264K)
 Metaspace       used 78841K, committed 79616K, reserved 389120K
  class space    used 10823K, committed 11136K, reserved 315392K
}
Event: 2500.167 GC heap before
{Heap before GC invocations=14 (full 0):
 garbage-first heap   total 262144K, used 213429K [0x00000000e0000000, 0x0000000100000000)
  region size 1024K, 106 young (108544K), 11 survivors (11264K)
 Metaspace       used 78952K, committed 79744K, reserved 389120K
  class space    used 10829K, committed 11200K, reserved 315392K
}
Event: 2500.183 GC heap after
{Heap after GC invocations=15 (full 0):
 garbage-first heap   total 262144K, used 117538K [0x00000000e0000000, 0x0000000100000000)
  region size 1024K, 7 young (7168K), 7 survivors (7168K)
 Metaspace       used 78952K, committed 79744K, reserved 389120K
  class space    used 10829K, committed 11200K, reserved 315392K
}
Event: 2500.967 GC heap before
{Heap before GC invocations=15 (full 0):
 garbage-first heap   total 262144K, used 218914K [0x00000000e0000000, 0x0000000100000000)
  region size 1024K, 106 young (108544K), 7 survivors (7168K)
 Metaspace       used 78958K, committed 79744K, reserved 389120K
  class space    used 10829K, committed 11200K, reserved 315392K
}
Event: 2500.974 GC heap after
{Heap after GC invocations=16 (full 0):
 garbage-first heap   total 262144K, used 117523K [0x00000000e0000000, 0x0000000100000000)
  region size 1024K, 7 young (7168K), 7 survivors (7168K)
 Metaspace       used 78958K, committed 79744K, reserved 389120K
  class space    used 10829K, committed 11200K, reserved 315392K
}
Event: 2501.561 GC heap before
{Heap before GC invocations=16 (full 0):
 garbage-first heap   total 262144K, used 222995K [0x00000000e0000000, 0x0000000100000000)
  region size 1024K, 109 young (111616K), 7 survivors (7168K)
 Metaspace       used 78958K, committed 79744K, reserved 389120K
  class space    used 10829K, committed 11200K, reserved 315392K
}
Event: 2501.569 GC heap after
{Heap after GC invocations=17 (full 0):
 garbage-first heap   total 262144K, used 118313K [0x00000000e0000000, 0x0000000100000000)
  region size 1024K, 7 young (7168K), 7 survivors (7168K)
 Metaspace       used 78958K, committed 79744K, reserved 389120K
  class space    used 10829K, committed 11200K, reserved 315392K
}
Event: 2502.156 GC heap before
{Heap before GC invocations=17 (full 0):
 garbage-first heap   total 262144K, used 223785K [0x00000000e0000000, 0x0000000100000000)
  region size 1024K, 110 young (112640K), 7 survivors (7168K)
 Metaspace       used 78959K, committed 79744K, reserved 389120K
  class space    used 10829K, committed 11200K, reserved 315392K
}
Event: 2502.164 GC heap after
{Heap after GC invocations=18 (full 0):
 garbage-first heap   total 262144K, used 118711K [0x00000000e0000000, 0x0000000100000000)
  region size 1024K, 8 young (8192K), 8 survivors (8192K)
 Metaspace       used 78959K, committed 79744K, reserved 389120K
  class space    used 10829K, committed 11200K, reserved 315392K
}
Event: 2502.735 GC heap before
{Heap before GC invocations=18 (full 0):
 garbage-first heap   total 262144K, used 225207K [0x00000000e0000000, 0x0000000100000000)
  region size 1024K, 112 young (114688K), 8 survivors (8192K)
 Metaspace       used 78959K, committed 79744K, reserved 389120K
  class space    used 10829K, committed 11200K, reserved 315392K
}
Event: 2502.742 GC heap after
{Heap after GC invocations=19 (full 0):
 garbage-first heap   total 262144K, used 117302K [0x00000000e0000000, 0x0000000100000000)
  region size 1024K, 7 young (7168K), 7 survivors (7168K)
 Metaspace       used 78959K, committed 79744K, reserved 389120K
  class space    used 10829K, committed 11200K, reserved 315392K
}
Event: 2503.276 GC heap before
{Heap before GC invocations=19 (full 0):
 garbage-first heap   total 262144K, used 226870K [0x00000000e0000000, 0x0000000100000000)
  region size 1024K, 114 young (116736K), 7 survivors (7168K)
 Metaspace       used 78960K, committed 79744K, reserved 389120K
  class space    used 10829K, committed 11200K, reserved 315392K
}
Event: 2503.284 GC heap after
{Heap after GC invocations=20 (full 0):
 garbage-first heap   total 262144K, used 117689K [0x00000000e0000000, 0x0000000100000000)
  region size 1024K, 8 young (8192K), 8 survivors (8192K)
 Metaspace       used 78960K, committed 79744K, reserved 389120K
  class space    used 10829K, committed 11200K, reserved 315392K
}
Event: 2503.920 GC heap before
{Heap before GC invocations=20 (full 0):
 garbage-first heap   total 262144K, used 226233K [0x00000000e0000000, 0x0000000100000000)
  region size 1024K, 114 young (116736K), 8 survivors (8192K)
 Metaspace       used 78991K, committed 79936K, reserved 389120K
  class space    used 10833K, committed 11264K, reserved 315392K
}
Event: 2503.927 GC heap after
{Heap after GC invocations=21 (full 0):
 garbage-first heap   total 262144K, used 117416K [0x00000000e0000000, 0x0000000100000000)
  region size 1024K, 7 young (7168K), 7 survivors (7168K)
 Metaspace       used 78991K, committed 79936K, reserved 389120K
  class space    used 10833K, committed 11264K, reserved 315392K
}

Deoptimization events (20 events):
Event: 2505.830 Thread 0x000001f549eacf40 Uncommon trap: trap_request=0xffffff45 fr.pc=0x000001f53bd58fec relative=0x00000000000000ec
Event: 2505.830 Thread 0x000001f549eacf40 Uncommon trap: reason=unstable_if action=reinterpret pc=0x000001f53bd58fec method=com.sun.tools.javac.parser.UnicodeReader.nextUnicodeInputCharacter()V @ 28 c2
Event: 2505.830 Thread 0x000001f549eacf40 DEOPT PACKING pc=0x000001f53bd58fec sp=0x00000070821f77e0
Event: 2505.830 Thread 0x000001f549eacf40 DEOPT UNPACKING pc=0x000001f5339a23a3 sp=0x00000070821f7710 mode 2
Event: 2505.831 Thread 0x000001f549eacf40 Uncommon trap: trap_request=0xffffff45 fr.pc=0x000001f53bd593bc relative=0x00000000000000bc
Event: 2505.831 Thread 0x000001f549eacf40 Uncommon trap: reason=unstable_if action=reinterpret pc=0x000001f53bd593bc method=com.sun.tools.javac.parser.UnicodeReader.nextUnicodeInputCharacter()V @ 28 c2
Event: 2505.831 Thread 0x000001f549eacf40 DEOPT PACKING pc=0x000001f53bd593bc sp=0x00000070821f7760
Event: 2505.831 Thread 0x000001f549eacf40 DEOPT UNPACKING pc=0x000001f5339a23a3 sp=0x00000070821f7708 mode 2
Event: 2505.880 Thread 0x000001f549eacf40 Uncommon trap: trap_request=0xffffff45 fr.pc=0x000001f53b62a1fc relative=0x000000000000015c
Event: 2505.880 Thread 0x000001f549eacf40 Uncommon trap: reason=unstable_if action=reinterpret pc=0x000001f53b62a1fc method=jdk.internal.jrtfs.JrtPath.normalize(Ljava/lang/String;)Ljava/lang/String; @ 78 c2
Event: 2505.880 Thread 0x000001f549eacf40 DEOPT PACKING pc=0x000001f53b62a1fc sp=0x00000070821f7d80
Event: 2505.880 Thread 0x000001f549eacf40 DEOPT UNPACKING pc=0x000001f5339a23a3 sp=0x00000070821f7d00 mode 2
Event: 2505.901 Thread 0x000001f549eacf40 Uncommon trap: trap_request=0xffffff45 fr.pc=0x000001f53b74bbbc relative=0x0000000000001b9c
Event: 2505.901 Thread 0x000001f549eacf40 Uncommon trap: reason=unstable_if action=reinterpret pc=0x000001f53b74bbbc method=java.lang.String.replace(CC)Ljava/lang/String; @ 2 c2
Event: 2505.901 Thread 0x000001f549eacf40 DEOPT PACKING pc=0x000001f53b74bbbc sp=0x00000070821f7f60
Event: 2505.901 Thread 0x000001f549eacf40 DEOPT UNPACKING pc=0x000001f5339a23a3 sp=0x00000070821f7e78 mode 2
Event: 2505.902 Thread 0x000001f549eacf40 Uncommon trap: trap_request=0xffffff45 fr.pc=0x000001f53b4f3258 relative=0x0000000000000638
Event: 2505.902 Thread 0x000001f549eacf40 Uncommon trap: reason=unstable_if action=reinterpret pc=0x000001f53b4f3258 method=java.lang.String.replace(CC)Ljava/lang/String; @ 2 c2
Event: 2505.902 Thread 0x000001f549eacf40 DEOPT PACKING pc=0x000001f53b4f3258 sp=0x00000070821f7ed0
Event: 2505.902 Thread 0x000001f549eacf40 DEOPT UNPACKING pc=0x000001f5339a23a3 sp=0x00000070821f7e80 mode 2

Classes unloaded (0 events):
No events

Classes redefined (0 events):
No events

Internal exceptions (20 events):
Event: 2497.532 Thread 0x000001f549eacf40 Exception <a 'sun/nio/fs/WindowsException'{0x00000000ea82b2f0}> (0x00000000ea82b2f0) 
thrown [t:\workspace\open\src\hotspot\share\prims\jni.cpp, line 516]
Event: 2497.533 Thread 0x000001f549eacf40 Exception <a 'sun/nio/fs/WindowsException'{0x00000000ea82d668}> (0x00000000ea82d668) 
thrown [t:\workspace\open\src\hotspot\share\prims\jni.cpp, line 516]
Event: 2497.538 Thread 0x000001f549eacf40 Exception <a 'sun/nio/fs/WindowsException'{0x00000000ea82f758}> (0x00000000ea82f758) 
thrown [t:\workspace\open\src\hotspot\share\prims\jni.cpp, line 516]
Event: 2498.254 Thread 0x000001f549eacf40 Exception <a 'java/lang/NoSuchMethodError'{0x00000000ea561738}: static Ljava/lang/Object;.<clinit>()V> (0x00000000ea561738) 
thrown [t:\workspace\open\src\hotspot\share\prims\jni.cpp, line 1107]
Event: 2498.995 Thread 0x000001f549eacf40 Implicit null exception at 0x000001f53b77d320 to 0x000001f53b77d904
Event: 2498.995 Thread 0x000001f549eacf40 Implicit null exception at 0x000001f53b54e7e0 to 0x000001f53b54e84c
Event: 2498.995 Thread 0x000001f549eacf40 Implicit null exception at 0x000001f53ba2dd20 to 0x000001f53ba2e140
Event: 2504.150 Thread 0x000001f549eacf40 Exception <a 'java/lang/NoSuchMethodError'{0x00000000ef38fd98}: 'java.lang.Object java.lang.invoke.DirectMethodHandle$Holder.invokeSpecial(java.lang.Object, java.lang.Object, int, java.lang.Object, java.lang.Object, java.lang.Object, java.lang.Object)'> (0x00000000ef38fd98) 
thrown [t:\workspace\open\src\hotspot\share\interpreter\linkResolver.cpp, line 766]
Event: 2504.178 Thread 0x000001f549eacf40 Exception <a 'java/lang/NoSuchMethodError'{0x00000000ef241840}: 'long java.lang.invoke.DirectMethodHandle$Holder.invokeVirtual(java.lang.Object, java.lang.Object)'> (0x00000000ef241840) 
thrown [t:\workspace\open\src\hotspot\share\interpreter\linkResolver.cpp, line 766]
Event: 2505.138 Thread 0x000001f549eacf40 Exception <a 'sun/nio/fs/WindowsException'{0x00000000ec22c1d0}> (0x00000000ec22c1d0) 
thrown [t:\workspace\open\src\hotspot\share\prims\jni.cpp, line 516]
Event: 2505.138 Thread 0x000001f549eacf40 Exception <a 'sun/nio/fs/WindowsException'{0x00000000ec22d940}> (0x00000000ec22d940) 
thrown [t:\workspace\open\src\hotspot\share\prims\jni.cpp, line 516]
Event: 2505.138 Thread 0x000001f549eacf40 Exception <a 'sun/nio/fs/WindowsException'{0x00000000ec22f0d8}> (0x00000000ec22f0d8) 
thrown [t:\workspace\open\src\hotspot\share\prims\jni.cpp, line 516]
Event: 2505.139 Thread 0x000001f549eacf40 Exception <a 'sun/nio/fs/WindowsException'{0x00000000ec230828}> (0x00000000ec230828) 
thrown [t:\workspace\open\src\hotspot\share\prims\jni.cpp, line 516]
Event: 2505.139 Thread 0x000001f549eacf40 Exception <a 'sun/nio/fs/WindowsException'{0x00000000ec231fa8}> (0x00000000ec231fa8) 
thrown [t:\workspace\open\src\hotspot\share\prims\jni.cpp, line 516]
Event: 2505.139 Thread 0x000001f549eacf40 Exception <a 'sun/nio/fs/WindowsException'{0x00000000ec233738}> (0x00000000ec233738) 
thrown [t:\workspace\open\src\hotspot\share\prims\jni.cpp, line 516]
Event: 2505.253 Thread 0x000001f549eacf40 Exception <a 'java/lang/NoSuchMethodError'{0x00000000ec2ce688}: 'void java.lang.invoke.DirectMethodHandle$Holder.invokeVirtual(java.lang.Object, java.lang.Object, java.lang.Object, java.lang.Object)'> (0x00000000ec2ce688) 
thrown [t:\workspace\open\src\hotspot\share\interpreter\linkResolver.cpp, line 766]
Event: 2505.290 Thread 0x000001f549eacf40 Implicit null exception at 0x000001f53ba3aa82 to 0x000001f53ba3cb98
Event: 2505.874 Thread 0x000001f549eacf40 Exception <a 'sun/nio/fs/WindowsException'{0x00000000eb725648}> (0x00000000eb725648) 
thrown [t:\workspace\open\src\hotspot\share\prims\jni.cpp, line 516]
Event: 2505.875 Thread 0x000001f549eacf40 Exception <a 'sun/nio/fs/WindowsException'{0x00000000eb7259f0}> (0x00000000eb7259f0) 
thrown [t:\workspace\open\src\hotspot\share\prims\jni.cpp, line 516]
Event: 2505.913 Thread 0x000001f549eacf40 Exception <a 'java/lang/NoSuchMethodError'{0x00000000eb7dbb60}: 'java.lang.Object java.lang.invoke.DirectMethodHandle$Holder.invokeVirtual(java.lang.Object, java.lang.Object, java.lang.Object, int, int)'> (0x00000000eb7dbb60) 
thrown [t:\workspace\open\src\hotspot\share\interpreter\linkResolver.cpp, line 766]

VM Operations (20 events):
Event: 2501.619 Executing VM operation: HandshakeAllThreads
Event: 2501.619 Executing VM operation: HandshakeAllThreads done
Event: 2502.156 Executing VM operation: G1CollectForAllocation
Event: 2502.164 Executing VM operation: G1CollectForAllocation done
Event: 2502.734 Executing VM operation: G1CollectForAllocation
Event: 2502.742 Executing VM operation: G1CollectForAllocation done
Event: 2503.276 Executing VM operation: G1CollectForAllocation
Event: 2503.284 Executing VM operation: G1CollectForAllocation done
Event: 2503.920 Executing VM operation: G1CollectForAllocation
Event: 2503.927 Executing VM operation: G1CollectForAllocation done
Event: 2504.005 Executing VM operation: HandshakeAllThreads
Event: 2504.006 Executing VM operation: HandshakeAllThreads done
Event: 2504.176 Executing VM operation: HandshakeAllThreads
Event: 2504.176 Executing VM operation: HandshakeAllThreads done
Event: 2504.652 Executing VM operation: HandshakeAllThreads
Event: 2504.652 Executing VM operation: HandshakeAllThreads done
Event: 2504.884 Executing VM operation: HandshakeAllThreads
Event: 2504.884 Executing VM operation: HandshakeAllThreads done
Event: 2505.899 Executing VM operation: Cleanup
Event: 2505.900 Executing VM operation: Cleanup done

Events (20 events):
Event: 2504.684 loading class java/util/ResourceBundle$3
Event: 2504.684 loading class java/util/ResourceBundle$3 done
Event: 2504.695 loading class java/util/ResourceBundle$BundleReference
Event: 2504.696 loading class java/util/ResourceBundle$BundleReference done
Event: 2504.868 loading class java/util/ServiceLoader$ProviderSpliterator
Event: 2504.868 loading class java/util/ServiceLoader$ProviderSpliterator done
Event: 2505.280 loading class java/net/URLDecoder
Event: 2505.280 loading class java/net/URLDecoder done
Event: 2505.280 loading class java/net/URLEncoder
Event: 2505.281 loading class java/net/URLEncoder done
Event: 2505.284 loading class java/util/WeakHashMap$EntrySet
Event: 2505.285 loading class java/util/WeakHashMap$EntrySet done
Event: 2505.285 loading class java/util/WeakHashMap$EntryIterator
Event: 2505.285 loading class java/util/WeakHashMap$EntryIterator done
Event: 2505.549 Thread 0x000001f54e65c960 Thread exited: 0x000001f54e65c960
Event: 2505.717 loading class java/util/regex/Pattern$Caret
Event: 2505.717 loading class java/util/regex/Pattern$Caret done
Event: 2505.836 Thread 0x000001f54b5d2410 Thread added: 0x000001f54b5d2410
Event: 2505.898 loading class java/util/regex/Pattern$Bound
Event: 2505.898 loading class java/util/regex/Pattern$Bound done


Dynamic libraries:
0x00007ff714dc0000 - 0x00007ff714dce000 	C:\jdk-17\bin\java.exe
0x00007ffe23f10000 - 0x00007ffe24127000 	C:\WINDOWS\SYSTEM32\ntdll.dll
0x00007ffe22d00000 - 0x00007ffe22dc4000 	C:\WINDOWS\System32\KERNEL32.DLL
0x00007ffe217f0000 - 0x00007ffe21b9d000 	C:\WINDOWS\System32\KERNELBASE.dll
0x00007ffe21610000 - 0x00007ffe21721000 	C:\WINDOWS\System32\ucrtbase.dll
0x00007ffe14cf0000 - 0x00007ffe14d08000 	C:\jdk-17\bin\jli.dll
0x00007ffe12690000 - 0x00007ffe126aa000 	C:\jdk-17\bin\VCRUNTIME140.dll
0x00007ffe229c0000 - 0x00007ffe22b6e000 	C:\WINDOWS\System32\USER32.dll
0x00007ffe21350000 - 0x00007ffe21376000 	C:\WINDOWS\System32\win32u.dll
0x00007ffe22b80000 - 0x00007ffe22ba9000 	C:\WINDOWS\System32\GDI32.dll
0x00007ffe21380000 - 0x00007ffe21499000 	C:\WINDOWS\System32\gdi32full.dll
0x00007ffe21230000 - 0x00007ffe212ca000 	C:\WINDOWS\System32\msvcp_win.dll
0x00007ffe14270000 - 0x00007ffe14503000 	C:\WINDOWS\WinSxS\amd64_microsoft.windows.common-controls_6595b64144ccf1df_6.0.22621.3672_none_2713b9d173822955\COMCTL32.dll
0x00007ffe21d20000 - 0x00007ffe21dc7000 	C:\WINDOWS\System32\msvcrt.dll
0x00007ffe21cc0000 - 0x00007ffe21cf1000 	C:\WINDOWS\System32\IMM32.DLL
0x00007ffe14dc0000 - 0x00007ffe14dcc000 	C:\jdk-17\bin\vcruntime140_1.dll
0x00007ffdfed30000 - 0x00007ffdfedbd000 	C:\jdk-17\bin\msvcp140.dll
0x00007ffddd9f0000 - 0x00007ffdde5ae000 	C:\jdk-17\bin\server\jvm.dll
0x00007ffe226f0000 - 0x00007ffe227a2000 	C:\WINDOWS\System32\ADVAPI32.dll
0x00007ffe22bb0000 - 0x00007ffe22c59000 	C:\WINDOWS\System32\sechost.dll
0x00007ffe21c10000 - 0x00007ffe21c38000 	C:\WINDOWS\System32\bcrypt.dll
0x00007ffe22250000 - 0x00007ffe22364000 	C:\WINDOWS\System32\RPCRT4.dll
0x00007ffe22660000 - 0x00007ffe22668000 	C:\WINDOWS\System32\PSAPI.DLL
0x00007ffe10c30000 - 0x00007ffe10c39000 	C:\WINDOWS\SYSTEM32\WSOCK32.dll
0x00007ffe22670000 - 0x00007ffe226e1000 	C:\WINDOWS\System32\WS2_32.dll
0x00007ffe18630000 - 0x00007ffe18664000 	C:\WINDOWS\SYSTEM32\WINMM.dll
0x00007ffe15640000 - 0x00007ffe1564a000 	C:\WINDOWS\SYSTEM32\VERSION.dll
0x00007ffe20350000 - 0x00007ffe20368000 	C:\WINDOWS\SYSTEM32\kernel.appcore.dll
0x00007ffe14d20000 - 0x00007ffe14d2a000 	C:\jdk-17\bin\jimage.dll
0x00007ffe1ebd0000 - 0x00007ffe1ee02000 	C:\WINDOWS\SYSTEM32\DBGHELP.DLL
0x00007ffe23020000 - 0x00007ffe233ad000 	C:\WINDOWS\System32\combase.dll
0x00007ffe22580000 - 0x00007ffe22657000 	C:\WINDOWS\System32\OLEAUT32.dll
0x00007ffe15fe0000 - 0x00007ffe16012000 	C:\WINDOWS\SYSTEM32\dbgcore.DLL
0x00007ffe212d0000 - 0x00007ffe2134b000 	C:\WINDOWS\System32\bcryptPrimitives.dll
0x00007ffe12660000 - 0x00007ffe1266e000 	C:\jdk-17\bin\instrument.dll
0x00007ffe11970000 - 0x00007ffe11995000 	C:\jdk-17\bin\java.dll
0x00007ffdfe500000 - 0x00007ffdfe5d6000 	C:\jdk-17\bin\svml.dll
0x00007ffe23510000 - 0x00007ffe23d78000 	C:\WINDOWS\System32\SHELL32.dll
0x00007ffe1f190000 - 0x00007ffe1fa8e000 	C:\WINDOWS\SYSTEM32\windows.storage.dll
0x00007ffe1f050000 - 0x00007ffe1f18f000 	C:\WINDOWS\SYSTEM32\wintypes.dll
0x00007ffe23410000 - 0x00007ffe23509000 	C:\WINDOWS\System32\SHCORE.dll
0x00007ffe22fc0000 - 0x00007ffe2301e000 	C:\WINDOWS\System32\shlwapi.dll
0x00007ffe21160000 - 0x00007ffe21181000 	C:\WINDOWS\SYSTEM32\profapi.dll
0x00007ffe12640000 - 0x00007ffe12658000 	C:\jdk-17\bin\zip.dll
0x00007ffe11920000 - 0x00007ffe11939000 	C:\jdk-17\bin\net.dll
0x00007ffe18d00000 - 0x00007ffe18e36000 	C:\WINDOWS\SYSTEM32\WINHTTP.dll
0x00007ffe207c0000 - 0x00007ffe20829000 	C:\WINDOWS\system32\mswsock.dll
0x00007ffe118c0000 - 0x00007ffe118d5000 	C:\jdk-17\bin\nio.dll
0x00007ffe00e30000 - 0x00007ffe00e40000 	C:\jdk-17\bin\verify.dll
0x00007ffe146e0000 - 0x00007ffe14707000 	C:\Users\dltmd\.gradle\native\c067742578af261105cb4f569cf0c3c89f3d7b1fecec35dd04571415982c5e48\windows-amd64\native-platform.dll
0x00007ffdbdcd0000 - 0x00007ffdbde14000 	C:\Users\dltmd\.gradle\native\38dada09dfb8b06ba9b0570ebf7e218e3eb74d4ef43ca46872605cf95ebc2f47\windows-amd64\native-platform-file-events.dll
0x00007ffe00d40000 - 0x00007ffe00d49000 	C:\jdk-17\bin\management.dll
0x00007ffe00ce0000 - 0x00007ffe00ceb000 	C:\jdk-17\bin\management_ext.dll
0x00007ffe20a20000 - 0x00007ffe20a3b000 	C:\WINDOWS\SYSTEM32\CRYPTSP.dll
0x00007ffe202b0000 - 0x00007ffe202e5000 	C:\WINDOWS\system32\rsaenh.dll
0x00007ffe208c0000 - 0x00007ffe208e8000 	C:\WINDOWS\SYSTEM32\USERENV.dll
0x00007ffe20a40000 - 0x00007ffe20a4c000 	C:\WINDOWS\SYSTEM32\CRYPTBASE.dll
0x00007ffe1fda0000 - 0x00007ffe1fdcd000 	C:\WINDOWS\SYSTEM32\IPHLPAPI.DLL
0x00007ffe22c60000 - 0x00007ffe22c69000 	C:\WINDOWS\System32\NSI.dll
0x00007ffe18ad0000 - 0x00007ffe18ae9000 	C:\WINDOWS\SYSTEM32\dhcpcsvc6.DLL
0x00007ffe18910000 - 0x00007ffe1892f000 	C:\WINDOWS\SYSTEM32\dhcpcsvc.DLL
0x00007ffe1fdd0000 - 0x00007ffe1fec8000 	C:\WINDOWS\SYSTEM32\DNSAPI.dll
0x00007ffdff940000 - 0x00007ffdff94e000 	C:\jdk-17\bin\sunmscapi.dll
0x00007ffe214a0000 - 0x00007ffe21607000 	C:\WINDOWS\System32\CRYPT32.dll
0x00007ffe20bc0000 - 0x00007ffe20bee000 	C:\WINDOWS\SYSTEM32\ncrypt.dll
0x00007ffe20b80000 - 0x00007ffe20bb7000 	C:\WINDOWS\SYSTEM32\NTASN1.dll
0x00007ffe15410000 - 0x00007ffe15418000 	C:\WINDOWS\system32\wshunix.dll
0x00007ffe16690000 - 0x00007ffe1669a000 	C:\Windows\System32\rasadhlp.dll
0x00007ffe166a0000 - 0x00007ffe16723000 	C:\WINDOWS\System32\fwpuclnt.dll

dbghelp: loaded successfully - version: 4.0.5 - missing functions: none
symbol engine: initialized successfully - sym options: 0x614 - pdb path: .;C:\jdk-17\bin;C:\WINDOWS\SYSTEM32;C:\WINDOWS\WinSxS\amd64_microsoft.windows.common-controls_6595b64144ccf1df_6.0.22621.3672_none_2713b9d173822955;C:\jdk-17\bin\server;C:\Users\dltmd\.gradle\native\c067742578af261105cb4f569cf0c3c89f3d7b1fecec35dd04571415982c5e48\windows-amd64;C:\Users\dltmd\.gradle\native\38dada09dfb8b06ba9b0570ebf7e218e3eb74d4ef43ca46872605cf95ebc2f47\windows-amd64

VM Arguments:
jvm_args: --add-opens=java.base/java.util=ALL-UNNAMED --add-opens=java.base/java.lang=ALL-UNNAMED --add-opens=java.base/java.lang.invoke=ALL-UNNAMED --add-opens=java.prefs/java.util.prefs=ALL-UNNAMED --add-opens=java.base/java.nio.charset=ALL-UNNAMED --add-opens=java.base/java.net=ALL-UNNAMED --add-opens=java.base/java.util.concurrent.atomic=ALL-UNNAMED -XX:MaxMetaspaceSize=384m -XX:+HeapDumpOnOutOfMemoryError -Xms256m -Xmx512m -Dfile.encoding=UTF-8 -Duser.country=KR -Duser.language=ko -Duser.variant -javaagent:C:\Users\dltmd\.gradle\wrapper\dists\gradle-8.7-bin\bhs2wmbdwecv87pi65oeuq5iu\gradle-8.7\lib\agents\gradle-instrumentation-agent-8.7.jar 
java_command: org.gradle.launcher.daemon.bootstrap.GradleDaemon 8.7
java_class_path (initial): C:\Users\dltmd\.gradle\wrapper\dists\gradle-8.7-bin\bhs2wmbdwecv87pi65oeuq5iu\gradle-8.7\lib\gradle-launcher-8.7.jar
Launcher Type: SUN_STANDARD

[Global flags]
     intx CICompilerCount                          = 4                                         {product} {ergonomic}
   size_t CompressedClassSpaceSize                 = 322961408                                 {product} {ergonomic}
     uint ConcGCThreads                            = 2                                         {product} {ergonomic}
     uint G1ConcRefinementThreads                  = 8                                         {product} {ergonomic}
   size_t G1HeapRegionSize                         = 1048576                                   {product} {ergonomic}
    uintx GCDrainStackTargetSize                   = 64                                        {product} {ergonomic}
     bool HeapDumpOnOutOfMemoryError               = true                                   {manageable} {command line}
   size_t InitialHeapSize                          = 268435456                                 {product} {command line}
   size_t MarkStackSize                            = 4194304                                   {product} {ergonomic}
   size_t MaxHeapSize                              = 536870912                                 {product} {command line}
   size_t MaxMetaspaceSize                         = 402653184                                 {product} {command line}
   size_t MaxNewSize                               = 321912832                                 {product} {ergonomic}
   size_t MinHeapDeltaBytes                        = 1048576                                   {product} {ergonomic}
   size_t MinHeapSize                              = 268435456                                 {product} {command line}
    uintx NonNMethodCodeHeapSize                   = 5839372                                {pd product} {ergonomic}
    uintx NonProfiledCodeHeapSize                  = 122909434                              {pd product} {ergonomic}
    uintx ProfiledCodeHeapSize                     = 122909434                              {pd product} {ergonomic}
    uintx ReservedCodeCacheSize                    = 251658240                              {pd product} {ergonomic}
     bool SegmentedCodeCache                       = true                                      {product} {ergonomic}
   size_t SoftMaxHeapSize                          = 536870912                              {manageable} {ergonomic}
     bool UseCompressedClassPointers               = true                           {product lp64_product} {ergonomic}
     bool UseCompressedOops                        = true                           {product lp64_product} {ergonomic}
     bool UseG1GC                                  = true                                      {product} {ergonomic}
     bool UseLargePagesIndividualAllocation        = false                                  {pd product} {ergonomic}

Logging:
Log output configuration:
 #0: stdout all=warning uptime,level,tags
 #1: stderr all=off uptime,level,tags

Environment Variables:
JAVA_HOME=C:\jdk-17
PATH=C:\Program Files (x86)\Intel\Intel(R) Management Engine Components\iCLS\;C:\Program Files\Intel\Intel(R) Management Engine Components\iCLS\;C:\WINDOWS\system32;C:\WINDOWS;C:\WINDOWS\System32\Wbem;C:\WINDOWS\System32\WindowsPowerShell\v1.0\;C:\WINDOWS\System32\OpenSSH\;C:\Program Files (x86)\Intel\Intel(R) Management Engine Components\DAL;C:\Program Files\Intel\Intel(R) Management Engine Components\DAL;C:\Program Files (x86)\Intel\Intel(R) Management Engine Components\IPT;C:\Program Files\Intel\Intel(R) Management Engine Components\IPT;C:\Program Files\Intel\WiFi\bin\;C:\Program Files\Common Files\Intel\WirelessCommon\;C:\Program Files\nodejs\;C:\Program Files\Git\cmd;C:\Program Files\MySQL\MySQL Server 8.2\bin;C:\jdk-17\bin;C:\Users\dltmd\AppData\Local\Microsoft\WindowsApps;C:\Program Files\JetBrains\IntelliJ IDEA Community Edition 2024.1.2\bin;;C:\Users\dltmd\AppData\Local\Programs\Microsoft VS Code\bin;C:\Users\dltmd\AppData\Roaming\npm;C:\Users\dltmd\AppData\Local\GitHubDesktop\bin;;C:\Program Files\JetBrains\IntelliJ IDEA 2024.1.4\bin;
USERNAME=dltmd
OS=Windows_NT
PROCESSOR_IDENTIFIER=Intel64 Family 6 Model 142 Stepping 10, GenuineIntel



---------------  S Y S T E M  ---------------

OS:
 Windows 10 , 64 bit Build 22621 (10.0.22621.3958)
OS uptime: 4 days 0:11 hours

CPU: total 8 (initial active 8) (4 cores per cpu, 2 threads per core) family 6 model 142 stepping 10 microcode 0xe0, cx8, cmov, fxsr, ht, mmx, 3dnowpref, sse, sse2, sse3, ssse3, sse4.1, sse4.2, popcnt, lzcnt, tsc, tscinvbit, avx, avx2, aes, erms, clmul, bmi1, bmi2, adx, fma, vzeroupper, clflush, clflushopt

Memory: 4k page, system-wide physical 8107M (413M free)
TotalPageFile size 32683M (AvailPageFile size 0M)
current process WorkingSet (physical memory assigned to process): 377M, peak: 482M
current process commit charge ("private bytes"): 561M, peak: 563M

vm_info: OpenJDK 64-Bit Server VM (17+35-2724) for windows-amd64 JRE (17+35-2724), built on Aug  5 2021 23:26:02 by "mach5one" with MS VC++ 16.8 (VS2019)

END.
